CRITICAL - 2023-09-20 06:56:10 --> Invalid file: "act.php"
in SYSTEMPATH\Exceptions\FrameworkException.php on line 39.
 1 SYSTEMPATH\View\View.php(214): CodeIgniter\Exceptions\FrameworkException::forInvalidFile('act.php')
 2 SYSTEMPATH\Common.php(1188): CodeIgniter\View\View->render('act', [], true)
 3 APPPATH\Controllers\Home.php(9): view('act')
 4 SYSTEMPATH\CodeIgniter.php(919): App\Controllers\Home->index()
 5 SYSTEMPATH\CodeIgniter.php(494): CodeIgniter\CodeIgniter->runController(Object(App\Controllers\Home))
 6 SYSTEMPATH\CodeIgniter.php(353): CodeIgniter\CodeIgniter->handleRequest(null, Object(Config\Cache), false)
 7 FCPATH\index.php(79): CodeIgniter\CodeIgniter->run()
 8 SYSTEMPATH\Commands\Server\rewrite.php(47): require_once('C:\\laragon\\www\\act\\public\\index.php')
CRITICAL - 2023-09-20 06:56:26 --> Invalid file: "act.php"
in SYSTEMPATH\Exceptions\FrameworkException.php on line 39.
 1 SYSTEMPATH\View\View.php(214): CodeIgniter\Exceptions\FrameworkException::forInvalidFile('act.php')
 2 SYSTEMPATH\Common.php(1188): CodeIgniter\View\View->render('act', [], true)
 3 APPPATH\Controllers\Home.php(9): view('act')
 4 SYSTEMPATH\CodeIgniter.php(919): App\Controllers\Home->index()
 5 SYSTEMPATH\CodeIgniter.php(494): CodeIgniter\CodeIgniter->runController(Object(App\Controllers\Home))
 6 SYSTEMPATH\CodeIgniter.php(353): CodeIgniter\CodeIgniter->handleRequest(null, Object(Config\Cache), false)
 7 FCPATH\index.php(79): CodeIgniter\CodeIgniter->run()
 8 SYSTEMPATH\Commands\Server\rewrite.php(47): require_once('C:\\laragon\\www\\act\\public\\index.php')
CRITICAL - 2023-09-20 06:56:34 --> Invalid file: "act.php"
in SYSTEMPATH\Exceptions\FrameworkException.php on line 39.
 1 SYSTEMPATH\View\View.php(214): CodeIgniter\Exceptions\FrameworkException::forInvalidFile('act.php')
 2 SYSTEMPATH\Common.php(1188): CodeIgniter\View\View->render('act', [], true)
 3 APPPATH\Controllers\Home.php(9): view('act')
 4 SYSTEMPATH\CodeIgniter.php(919): App\Controllers\Home->index()
 5 SYSTEMPATH\CodeIgniter.php(494): CodeIgniter\CodeIgniter->runController(Object(App\Controllers\Home))
 6 SYSTEMPATH\CodeIgniter.php(353): CodeIgniter\CodeIgniter->handleRequest(null, Object(Config\Cache), false)
 7 FCPATH\index.php(79): CodeIgniter\CodeIgniter->run()
 8 SYSTEMPATH\Commands\Server\rewrite.php(47): require_once('C:\\laragon\\www\\act\\public\\index.php')
CRITICAL - 2023-09-20 07:06:31 --> Array callback must have exactly two elements
in APPPATH\Views\activity.php on line 10.
 1 SYSTEMPATH\View\View.php(226): include()
 2 SYSTEMPATH\View\View.php(229): CodeIgniter\View\View->CodeIgniter\View\{closure}()
 3 SYSTEMPATH\Common.php(1188): CodeIgniter\View\View->render('activity', [], true)
 4 APPPATH\Controllers\Home.php(13): view('activity')
 5 SYSTEMPATH\CodeIgniter.php(919): App\Controllers\Home->index()
 6 SYSTEMPATH\CodeIgniter.php(494): CodeIgniter\CodeIgniter->runController(Object(App\Controllers\Home))
 7 SYSTEMPATH\CodeIgniter.php(353): CodeIgniter\CodeIgniter->handleRequest(null, Object(Config\Cache), false)
 8 FCPATH\index.php(79): CodeIgniter\CodeIgniter->run()
 9 SYSTEMPATH\Commands\Server\rewrite.php(47): require_once('C:\\laragon\\www\\act\\public\\index.php')
CRITICAL - 2023-09-20 07:06:36 --> Array callback must have exactly two elements
in APPPATH\Views\activity.php on line 10.
 1 SYSTEMPATH\View\View.php(226): include()
 2 SYSTEMPATH\View\View.php(229): CodeIgniter\View\View->CodeIgniter\View\{closure}()
 3 SYSTEMPATH\Common.php(1188): CodeIgniter\View\View->render('activity', [], true)
 4 APPPATH\Controllers\Home.php(13): view('activity')
 5 SYSTEMPATH\CodeIgniter.php(919): App\Controllers\Home->index()
 6 SYSTEMPATH\CodeIgniter.php(494): CodeIgniter\CodeIgniter->runController(Object(App\Controllers\Home))
 7 SYSTEMPATH\CodeIgniter.php(353): CodeIgniter\CodeIgniter->handleRequest(null, Object(Config\Cache), false)
 8 FCPATH\index.php(79): CodeIgniter\CodeIgniter->run()
 9 SYSTEMPATH\Commands\Server\rewrite.php(47): require_once('C:\\laragon\\www\\act\\public\\index.php')
CRITICAL - 2023-09-20 07:06:47 --> Array callback must have exactly two elements
in APPPATH\Views\activity.php on line 10.
 1 SYSTEMPATH\View\View.php(226): include()
 2 SYSTEMPATH\View\View.php(229): CodeIgniter\View\View->CodeIgniter\View\{closure}()
 3 SYSTEMPATH\Common.php(1188): CodeIgniter\View\View->render('activity', [], true)
 4 APPPATH\Controllers\Home.php(13): view('activity')
 5 SYSTEMPATH\CodeIgniter.php(919): App\Controllers\Home->index()
 6 SYSTEMPATH\CodeIgniter.php(494): CodeIgniter\CodeIgniter->runController(Object(App\Controllers\Home))
 7 SYSTEMPATH\CodeIgniter.php(353): CodeIgniter\CodeIgniter->handleRequest(null, Object(Config\Cache), false)
 8 FCPATH\index.php(79): CodeIgniter\CodeIgniter->run()
 9 SYSTEMPATH\Commands\Server\rewrite.php(47): require_once('C:\\laragon\\www\\act\\public\\index.php')
CRITICAL - 2023-09-20 07:07:33 --> Undefined array key "name"
in APPPATH\Views\activity.php on line 12.
 1 APPPATH\Views\activity.php(12): CodeIgniter\Debug\Exceptions->errorHandler(2, 'Undefined array key "name"', 'C:\\laragon\\www\\act\\app\\Views\\activity.php', 12)
 2 SYSTEMPATH\View\View.php(226): include('C:\\laragon\\www\\act\\app\\Views\\activity.php')
 3 SYSTEMPATH\View\View.php(229): CodeIgniter\View\View->CodeIgniter\View\{closure}()
 4 SYSTEMPATH\Common.php(1188): CodeIgniter\View\View->render('activity', [], true)
 5 APPPATH\Controllers\Home.php(13): view('activity')
 6 SYSTEMPATH\CodeIgniter.php(919): App\Controllers\Home->index()
 7 SYSTEMPATH\CodeIgniter.php(494): CodeIgniter\CodeIgniter->runController(Object(App\Controllers\Home))
 8 SYSTEMPATH\CodeIgniter.php(353): CodeIgniter\CodeIgniter->handleRequest(null, Object(Config\Cache), false)
 9 FCPATH\index.php(79): CodeIgniter\CodeIgniter->run()
10 SYSTEMPATH\Commands\Server\rewrite.php(47): require_once('C:\\laragon\\www\\act\\public\\index.php')
CRITICAL - 2023-09-20 07:08:13 --> syntax error, unexpected token ",", expecting "]"
in APPPATH\Views\activity.php on line 12.
 1 SYSTEMPATH\View\View.php(229): CodeIgniter\View\View->CodeIgniter\View\{closure}()
 2 SYSTEMPATH\Common.php(1188): CodeIgniter\View\View->render('activity', [], true)
 3 APPPATH\Controllers\Home.php(13): view('activity')
 4 SYSTEMPATH\CodeIgniter.php(919): App\Controllers\Home->index()
 5 SYSTEMPATH\CodeIgniter.php(494): CodeIgniter\CodeIgniter->runController(Object(App\Controllers\Home))
 6 SYSTEMPATH\CodeIgniter.php(353): CodeIgniter\CodeIgniter->handleRequest(null, Object(Config\Cache), false)
 7 FCPATH\index.php(79): CodeIgniter\CodeIgniter->run()
 8 SYSTEMPATH\Commands\Server\rewrite.php(47): require_once('C:\\laragon\\www\\act\\public\\index.php')
CRITICAL - 2023-09-20 07:09:12 --> Undefined array key "math"
in APPPATH\Views\activity.php on line 12.
 1 APPPATH\Views\activity.php(12): CodeIgniter\Debug\Exceptions->errorHandler(2, 'Undefined array key "math"', 'C:\\laragon\\www\\act\\app\\Views\\activity.php', 12)
 2 SYSTEMPATH\View\View.php(226): include('C:\\laragon\\www\\act\\app\\Views\\activity.php')
 3 SYSTEMPATH\View\View.php(229): CodeIgniter\View\View->CodeIgniter\View\{closure}()
 4 SYSTEMPATH\Common.php(1188): CodeIgniter\View\View->render('activity', [], true)
 5 APPPATH\Controllers\Home.php(13): view('activity')
 6 SYSTEMPATH\CodeIgniter.php(919): App\Controllers\Home->index()
 7 SYSTEMPATH\CodeIgniter.php(494): CodeIgniter\CodeIgniter->runController(Object(App\Controllers\Home))
 8 SYSTEMPATH\CodeIgniter.php(353): CodeIgniter\CodeIgniter->handleRequest(null, Object(Config\Cache), false)
 9 FCPATH\index.php(79): CodeIgniter\CodeIgniter->run()
10 SYSTEMPATH\Commands\Server\rewrite.php(47): require_once('C:\\laragon\\www\\act\\public\\index.php')
CRITICAL - 2023-09-20 07:18:54 --> Undefined variable $math_scores
in APPPATH\Views\activity.php on line 17.
 1 APPPATH\Views\activity.php(17): CodeIgniter\Debug\Exceptions->errorHandler(2, 'Undefined variable $math_scores', 'C:\\laragon\\www\\act\\app\\Views\\activity.php', 17)
 2 SYSTEMPATH\View\View.php(226): include('C:\\laragon\\www\\act\\app\\Views\\activity.php')
 3 SYSTEMPATH\View\View.php(229): CodeIgniter\View\View->CodeIgniter\View\{closure}()
 4 SYSTEMPATH\Common.php(1188): CodeIgniter\View\View->render('activity', [], true)
 5 APPPATH\Controllers\Home.php(13): view('activity')
 6 SYSTEMPATH\CodeIgniter.php(919): App\Controllers\Home->index()
 7 SYSTEMPATH\CodeIgniter.php(494): CodeIgniter\CodeIgniter->runController(Object(App\Controllers\Home))
 8 SYSTEMPATH\CodeIgniter.php(353): CodeIgniter\CodeIgniter->handleRequest(null, Object(Config\Cache), false)
 9 FCPATH\index.php(79): CodeIgniter\CodeIgniter->run()
10 SYSTEMPATH\Commands\Server\rewrite.php(47): require_once('C:\\laragon\\www\\act\\public\\index.php')
CRITICAL - 2023-09-20 07:19:13 --> Undefined variable $math_scores
in APPPATH\Views\activity.php on line 17.
 1 APPPATH\Views\activity.php(17): CodeIgniter\Debug\Exceptions->errorHandler(2, 'Undefined variable $math_scores', 'C:\\laragon\\www\\act\\app\\Views\\activity.php', 17)
 2 SYSTEMPATH\View\View.php(226): include('C:\\laragon\\www\\act\\app\\Views\\activity.php')
 3 SYSTEMPATH\View\View.php(229): CodeIgniter\View\View->CodeIgniter\View\{closure}()
 4 SYSTEMPATH\Common.php(1188): CodeIgniter\View\View->render('activity', [], true)
 5 APPPATH\Controllers\Home.php(13): view('activity')
 6 SYSTEMPATH\CodeIgniter.php(919): App\Controllers\Home->index()
 7 SYSTEMPATH\CodeIgniter.php(494): CodeIgniter\CodeIgniter->runController(Object(App\Controllers\Home))
 8 SYSTEMPATH\CodeIgniter.php(353): CodeIgniter\CodeIgniter->handleRequest(null, Object(Config\Cache), false)
 9 FCPATH\index.php(79): CodeIgniter\CodeIgniter->run()
10 SYSTEMPATH\Commands\Server\rewrite.php(47): require_once('C:\\laragon\\www\\act\\public\\index.php')
CRITICAL - 2023-09-20 07:22:25 --> Trying to access array offset on value of type int
in APPPATH\Views\activity.php on line 20.
 1 APPPATH\Views\activity.php(20): CodeIgniter\Debug\Exceptions->errorHandler(2, 'Trying to access array offset on value of type int', 'C:\\laragon\\www\\act\\app\\Views\\activity.php', 20)
 2 SYSTEMPATH\View\View.php(226): include('C:\\laragon\\www\\act\\app\\Views\\activity.php')
 3 SYSTEMPATH\View\View.php(229): CodeIgniter\View\View->CodeIgniter\View\{closure}()
 4 SYSTEMPATH\Common.php(1188): CodeIgniter\View\View->render('activity', [], true)
 5 APPPATH\Controllers\Home.php(13): view('activity')
 6 SYSTEMPATH\CodeIgniter.php(919): App\Controllers\Home->index()
 7 SYSTEMPATH\CodeIgniter.php(494): CodeIgniter\CodeIgniter->runController(Object(App\Controllers\Home))
 8 SYSTEMPATH\CodeIgniter.php(353): CodeIgniter\CodeIgniter->handleRequest(null, Object(Config\Cache), false)
 9 FCPATH\index.php(79): CodeIgniter\CodeIgniter->run()
10 SYSTEMPATH\Commands\Server\rewrite.php(47): require_once('C:\\laragon\\www\\act\\public\\index.php')
CRITICAL - 2023-09-20 07:24:34 --> Trying to access array offset on value of type int
in APPPATH\Views\activity.php on line 19.
 1 APPPATH\Views\activity.php(19): CodeIgniter\Debug\Exceptions->errorHandler(2, 'Trying to access array offset on value of type int', 'C:\\laragon\\www\\act\\app\\Views\\activity.php', 19)
 2 SYSTEMPATH\View\View.php(226): include('C:\\laragon\\www\\act\\app\\Views\\activity.php')
 3 SYSTEMPATH\View\View.php(229): CodeIgniter\View\View->CodeIgniter\View\{closure}()
 4 SYSTEMPATH\Common.php(1188): CodeIgniter\View\View->render('activity', [], true)
 5 APPPATH\Controllers\Home.php(13): view('activity')
 6 SYSTEMPATH\CodeIgniter.php(919): App\Controllers\Home->index()
 7 SYSTEMPATH\CodeIgniter.php(494): CodeIgniter\CodeIgniter->runController(Object(App\Controllers\Home))
 8 SYSTEMPATH\CodeIgniter.php(353): CodeIgniter\CodeIgniter->handleRequest(null, Object(Config\Cache), false)
 9 FCPATH\index.php(79): CodeIgniter\CodeIgniter->run()
10 SYSTEMPATH\Commands\Server\rewrite.php(47): require_once('C:\\laragon\\www\\act\\public\\index.php')
CRITICAL - 2023-09-20 07:26:16 --> Undefined variable $math_scores
in APPPATH\Views\activity.php on line 24.
 1 APPPATH\Views\activity.php(24): CodeIgniter\Debug\Exceptions->errorHandler(2, 'Undefined variable $math_scores', 'C:\\laragon\\www\\act\\app\\Views\\activity.php', 24)
 2 SYSTEMPATH\View\View.php(226): include('C:\\laragon\\www\\act\\app\\Views\\activity.php')
 3 SYSTEMPATH\View\View.php(229): CodeIgniter\View\View->CodeIgniter\View\{closure}()
 4 SYSTEMPATH\Common.php(1188): CodeIgniter\View\View->render('activity', [], true)
 5 APPPATH\Controllers\Home.php(13): view('activity')
 6 SYSTEMPATH\CodeIgniter.php(919): App\Controllers\Home->index()
 7 SYSTEMPATH\CodeIgniter.php(494): CodeIgniter\CodeIgniter->runController(Object(App\Controllers\Home))
 8 SYSTEMPATH\CodeIgniter.php(353): CodeIgniter\CodeIgniter->handleRequest(null, Object(Config\Cache), false)
 9 FCPATH\index.php(79): CodeIgniter\CodeIgniter->run()
10 SYSTEMPATH\Commands\Server\rewrite.php(47): require_once('C:\\laragon\\www\\act\\public\\index.php')
CRITICAL - 2023-09-20 07:26:28 --> Undefined variable $math_scores
in APPPATH\Views\activity.php on line 34.
 1 APPPATH\Views\activity.php(34): CodeIgniter\Debug\Exceptions->errorHandler(2, 'Undefined variable $math_scores', 'C:\\laragon\\www\\act\\app\\Views\\activity.php', 34)
 2 SYSTEMPATH\View\View.php(226): include('C:\\laragon\\www\\act\\app\\Views\\activity.php')
 3 SYSTEMPATH\View\View.php(229): CodeIgniter\View\View->CodeIgniter\View\{closure}()
 4 SYSTEMPATH\Common.php(1188): CodeIgniter\View\View->render('activity', [], true)
 5 APPPATH\Controllers\Home.php(13): view('activity')
 6 SYSTEMPATH\CodeIgniter.php(919): App\Controllers\Home->index()
 7 SYSTEMPATH\CodeIgniter.php(494): CodeIgniter\CodeIgniter->runController(Object(App\Controllers\Home))
 8 SYSTEMPATH\CodeIgniter.php(353): CodeIgniter\CodeIgniter->handleRequest(null, Object(Config\Cache), false)
 9 FCPATH\index.php(79): CodeIgniter\CodeIgniter->run()
10 SYSTEMPATH\Commands\Server\rewrite.php(47): require_once('C:\\laragon\\www\\act\\public\\index.php')
CRITICAL - 2023-09-20 07:29:41 --> Undefined variable $math_scores
in APPPATH\Views\activity.php on line 22.
 1 APPPATH\Views\activity.php(22): CodeIgniter\Debug\Exceptions->errorHandler(2, 'Undefined variable $math_scores', 'C:\\laragon\\www\\act\\app\\Views\\activity.php', 22)
 2 SYSTEMPATH\View\View.php(226): include('C:\\laragon\\www\\act\\app\\Views\\activity.php')
 3 SYSTEMPATH\View\View.php(229): CodeIgniter\View\View->CodeIgniter\View\{closure}()
 4 SYSTEMPATH\Common.php(1188): CodeIgniter\View\View->render('activity', [], true)
 5 APPPATH\Controllers\Home.php(13): view('activity')
 6 SYSTEMPATH\CodeIgniter.php(919): App\Controllers\Home->index()
 7 SYSTEMPATH\CodeIgniter.php(494): CodeIgniter\CodeIgniter->runController(Object(App\Controllers\Home))
 8 SYSTEMPATH\CodeIgniter.php(353): CodeIgniter\CodeIgniter->handleRequest(null, Object(Config\Cache), false)
 9 FCPATH\index.php(79): CodeIgniter\CodeIgniter->run()
10 SYSTEMPATH\Commands\Server\rewrite.php(47): require_once('C:\\laragon\\www\\act\\public\\index.php')
CRITICAL - 2023-09-20 07:31:31 --> Unsupported operand types: string + int
in APPPATH\Views\activity.php on line 22.
 1 SYSTEMPATH\View\View.php(226): include()
 2 SYSTEMPATH\View\View.php(229): CodeIgniter\View\View->CodeIgniter\View\{closure}()
 3 SYSTEMPATH\Common.php(1188): CodeIgniter\View\View->render('activity', [], true)
 4 APPPATH\Controllers\Home.php(13): view('activity')
 5 SYSTEMPATH\CodeIgniter.php(919): App\Controllers\Home->index()
 6 SYSTEMPATH\CodeIgniter.php(494): CodeIgniter\CodeIgniter->runController(Object(App\Controllers\Home))
 7 SYSTEMPATH\CodeIgniter.php(353): CodeIgniter\CodeIgniter->handleRequest(null, Object(Config\Cache), false)
 8 FCPATH\index.php(79): CodeIgniter\CodeIgniter->run()
 9 SYSTEMPATH\Commands\Server\rewrite.php(47): require_once('C:\\laragon\\www\\act\\public\\index.php')
CRITICAL - 2023-09-20 07:40:41 --> Undefined array key "Math"
in APPPATH\Views\activity.php on line 24.
 1 APPPATH\Views\activity.php(24): CodeIgniter\Debug\Exceptions->errorHandler(2, 'Undefined array key "Math"', 'C:\\laragon\\www\\act\\app\\Views\\activity.php', 24)
 2 SYSTEMPATH\View\View.php(226): include('C:\\laragon\\www\\act\\app\\Views\\activity.php')
 3 SYSTEMPATH\View\View.php(229): CodeIgniter\View\View->CodeIgniter\View\{closure}()
 4 SYSTEMPATH\Common.php(1188): CodeIgniter\View\View->render('activity', [], true)
 5 APPPATH\Controllers\Home.php(13): view('activity')
 6 SYSTEMPATH\CodeIgniter.php(919): App\Controllers\Home->index()
 7 SYSTEMPATH\CodeIgniter.php(494): CodeIgniter\CodeIgniter->runController(Object(App\Controllers\Home))
 8 SYSTEMPATH\CodeIgniter.php(353): CodeIgniter\CodeIgniter->handleRequest(null, Object(Config\Cache), false)
 9 FCPATH\index.php(79): CodeIgniter\CodeIgniter->run()
10 SYSTEMPATH\Commands\Server\rewrite.php(47): require_once('C:\\laragon\\www\\act\\public\\index.php')
