CRITICAL - 2023-09-13 14:19:00 --> Undefined variable $main
in APPPATH\Views\main.php on line 18.
 1 APPPATH\Views\main.php(18): CodeIgniter\Debug\Exceptions->errorHandler(2, 'Undefined variable $main', 'C:\\laragon\\www\\Retry\\app\\Views\\main.php', 18)
 2 SYSTEMPATH\View\View.php(226): include('C:\\laragon\\www\\Retry\\app\\Views\\main.php')
 3 SYSTEMPATH\View\View.php(229): CodeIgniter\View\View->CodeIgniter\View\{closure}()
 4 SYSTEMPATH\Common.php(1188): CodeIgniter\View\View->render('main', [], true)
 5 APPPATH\Controllers\MainController.php(18): view('main')
 6 SYSTEMPATH\CodeIgniter.php(919): App\Controllers\MainController->try()
 7 SYSTEMPATH\CodeIgniter.php(494): CodeIgniter\CodeIgniter->runController(Object(App\Controllers\MainController))
 8 SYSTEMPATH\CodeIgniter.php(353): CodeIgniter\CodeIgniter->handleRequest(null, Object(Config\Cache), false)
 9 FCPATH\index.php(79): CodeIgniter\CodeIgniter->run()
10 SYSTEMPATH\Commands\Server\rewrite.php(47): require_once('C:\\laragon\\www\\Retry\\public\\index.php')
CRITICAL - 2023-09-13 14:21:04 --> Undefined variable $main
in APPPATH\Views\main.php on line 18.
 1 APPPATH\Views\main.php(18): CodeIgniter\Debug\Exceptions->errorHandler(2, 'Undefined variable $main', 'C:\\laragon\\www\\Retry\\app\\Views\\main.php', 18)
 2 SYSTEMPATH\View\View.php(226): include('C:\\laragon\\www\\Retry\\app\\Views\\main.php')
 3 SYSTEMPATH\View\View.php(229): CodeIgniter\View\View->CodeIgniter\View\{closure}()
 4 SYSTEMPATH\Common.php(1188): CodeIgniter\View\View->render('main', [], true)
 5 APPPATH\Controllers\MainController.php(18): view('main')
 6 SYSTEMPATH\CodeIgniter.php(919): App\Controllers\MainController->try()
 7 SYSTEMPATH\CodeIgniter.php(494): CodeIgniter\CodeIgniter->runController(Object(App\Controllers\MainController))
 8 SYSTEMPATH\CodeIgniter.php(353): CodeIgniter\CodeIgniter->handleRequest(null, Object(Config\Cache), false)
 9 FCPATH\index.php(79): CodeIgniter\CodeIgniter->run()
10 SYSTEMPATH\Commands\Server\rewrite.php(47): require_once('C:\\laragon\\www\\Retry\\public\\index.php')
CRITICAL - 2023-09-13 14:21:06 --> Undefined variable $main
in APPPATH\Views\main.php on line 18.
 1 APPPATH\Views\main.php(18): CodeIgniter\Debug\Exceptions->errorHandler(2, 'Undefined variable $main', 'C:\\laragon\\www\\Retry\\app\\Views\\main.php', 18)
 2 SYSTEMPATH\View\View.php(226): include('C:\\laragon\\www\\Retry\\app\\Views\\main.php')
 3 SYSTEMPATH\View\View.php(229): CodeIgniter\View\View->CodeIgniter\View\{closure}()
 4 SYSTEMPATH\Common.php(1188): CodeIgniter\View\View->render('main', [], true)
 5 APPPATH\Controllers\MainController.php(18): view('main')
 6 SYSTEMPATH\CodeIgniter.php(919): App\Controllers\MainController->try()
 7 SYSTEMPATH\CodeIgniter.php(494): CodeIgniter\CodeIgniter->runController(Object(App\Controllers\MainController))
 8 SYSTEMPATH\CodeIgniter.php(353): CodeIgniter\CodeIgniter->handleRequest(null, Object(Config\Cache), false)
 9 FCPATH\index.php(79): CodeIgniter\CodeIgniter->run()
10 SYSTEMPATH\Commands\Server\rewrite.php(47): require_once('C:\\laragon\\www\\Retry\\public\\index.php')
CRITICAL - 2023-09-13 14:21:26 --> Undefined variable $main
in APPPATH\Views\main.php on line 18.
 1 APPPATH\Views\main.php(18): CodeIgniter\Debug\Exceptions->errorHandler(2, 'Undefined variable $main', 'C:\\laragon\\www\\Retry\\app\\Views\\main.php', 18)
 2 SYSTEMPATH\View\View.php(226): include('C:\\laragon\\www\\Retry\\app\\Views\\main.php')
 3 SYSTEMPATH\View\View.php(229): CodeIgniter\View\View->CodeIgniter\View\{closure}()
 4 SYSTEMPATH\Common.php(1188): CodeIgniter\View\View->render('main', [], true)
 5 APPPATH\Controllers\MainController.php(18): view('main')
 6 SYSTEMPATH\CodeIgniter.php(919): App\Controllers\MainController->try()
 7 SYSTEMPATH\CodeIgniter.php(494): CodeIgniter\CodeIgniter->runController(Object(App\Controllers\MainController))
 8 SYSTEMPATH\CodeIgniter.php(353): CodeIgniter\CodeIgniter->handleRequest(null, Object(Config\Cache), false)
 9 FCPATH\index.php(79): CodeIgniter\CodeIgniter->run()
10 SYSTEMPATH\Commands\Server\rewrite.php(47): require_once('C:\\laragon\\www\\Retry\\public\\index.php')
CRITICAL - 2023-09-13 14:21:58 --> Undefined variable $main
in APPPATH\Views\main.php on line 18.
 1 APPPATH\Views\main.php(18): CodeIgniter\Debug\Exceptions->errorHandler(2, 'Undefined variable $main', 'C:\\laragon\\www\\Retry\\app\\Views\\main.php', 18)
 2 SYSTEMPATH\View\View.php(226): include('C:\\laragon\\www\\Retry\\app\\Views\\main.php')
 3 SYSTEMPATH\View\View.php(229): CodeIgniter\View\View->CodeIgniter\View\{closure}()
 4 SYSTEMPATH\Common.php(1188): CodeIgniter\View\View->render('main', [], true)
 5 APPPATH\Controllers\MainController.php(18): view('main')
 6 SYSTEMPATH\CodeIgniter.php(919): App\Controllers\MainController->try()
 7 SYSTEMPATH\CodeIgniter.php(494): CodeIgniter\CodeIgniter->runController(Object(App\Controllers\MainController))
 8 SYSTEMPATH\CodeIgniter.php(353): CodeIgniter\CodeIgniter->handleRequest(null, Object(Config\Cache), false)
 9 FCPATH\index.php(79): CodeIgniter\CodeIgniter->run()
10 SYSTEMPATH\Commands\Server\rewrite.php(47): require_once('C:\\laragon\\www\\Retry\\public\\index.php')
ERROR - 2023-09-13 14:30:29 --> mysqli_sql_exception: No database selected in C:\laragon\www\Retry\system\Database\MySQLi\Connection.php:306
Stack trace:
#0 C:\laragon\www\Retry\system\Database\MySQLi\Connection.php(306): mysqli->query('SELECT *\nFROM `...', 0)
#1 C:\laragon\www\Retry\system\Database\BaseConnection.php(692): CodeIgniter\Database\MySQLi\Connection->execute('SELECT *\nFROM `...')
#2 C:\laragon\www\Retry\system\Database\BaseConnection.php(606): CodeIgniter\Database\BaseConnection->simpleQuery('SELECT *\nFROM `...')
#3 C:\laragon\www\Retry\system\Database\BaseBuilder.php(1615): CodeIgniter\Database\BaseConnection->query('SELECT *\nFROM `...', Array, false)
#4 C:\laragon\www\Retry\system\Model.php(237): CodeIgniter\Database\BaseBuilder->get()
#5 C:\laragon\www\Retry\system\BaseModel.php(624): CodeIgniter\Model->doFindAll(0, 0)
#6 C:\laragon\www\Retry\app\Controllers\MainController.php(21): CodeIgniter\BaseModel->findAll()
#7 C:\laragon\www\Retry\system\CodeIgniter.php(919): App\Controllers\MainController->try()
#8 C:\laragon\www\Retry\system\CodeIgniter.php(494): CodeIgniter\CodeIgniter->runController(Object(App\Controllers\MainController))
#9 C:\laragon\www\Retry\system\CodeIgniter.php(353): CodeIgniter\CodeIgniter->handleRequest(NULL, Object(Config\Cache), false)
#10 C:\laragon\www\Retry\public\index.php(79): CodeIgniter\CodeIgniter->run()
#11 C:\laragon\www\Retry\system\Commands\Server\rewrite.php(47): require_once('C:\\laragon\\www\\...')
#12 {main}
CRITICAL - 2023-09-13 14:30:29 --> No database selected
in SYSTEMPATH\Database\BaseConnection.php on line 646.
 1 SYSTEMPATH\Database\BaseBuilder.php(1615): CodeIgniter\Database\BaseConnection->query('SELECT *
FROM `mains`', [], false)
 2 SYSTEMPATH\Model.php(237): CodeIgniter\Database\BaseBuilder->get()
 3 SYSTEMPATH\BaseModel.php(624): CodeIgniter\Model->doFindAll(0, 0)
 4 APPPATH\Controllers\MainController.php(21): CodeIgniter\BaseModel->findAll()
 5 SYSTEMPATH\CodeIgniter.php(919): App\Controllers\MainController->try()
 6 SYSTEMPATH\CodeIgniter.php(494): CodeIgniter\CodeIgniter->runController(Object(App\Controllers\MainController))
 7 SYSTEMPATH\CodeIgniter.php(353): CodeIgniter\CodeIgniter->handleRequest(null, Object(Config\Cache), false)
 8 FCPATH\index.php(79): CodeIgniter\CodeIgniter->run()
 9 SYSTEMPATH\Commands\Server\rewrite.php(47): require_once('C:\\laragon\\www\\Retry\\public\\index.php')
ERROR - 2023-09-13 14:31:47 --> mysqli_sql_exception: No database selected in C:\laragon\www\Retry\system\Database\MySQLi\Connection.php:306
Stack trace:
#0 C:\laragon\www\Retry\system\Database\MySQLi\Connection.php(306): mysqli->query('SELECT *\nFROM `...', 0)
#1 C:\laragon\www\Retry\system\Database\BaseConnection.php(692): CodeIgniter\Database\MySQLi\Connection->execute('SELECT *\nFROM `...')
#2 C:\laragon\www\Retry\system\Database\BaseConnection.php(606): CodeIgniter\Database\BaseConnection->simpleQuery('SELECT *\nFROM `...')
#3 C:\laragon\www\Retry\system\Database\BaseBuilder.php(1615): CodeIgniter\Database\BaseConnection->query('SELECT *\nFROM `...', Array, false)
#4 C:\laragon\www\Retry\system\Model.php(237): CodeIgniter\Database\BaseBuilder->get()
#5 C:\laragon\www\Retry\system\BaseModel.php(624): CodeIgniter\Model->doFindAll(0, 0)
#6 C:\laragon\www\Retry\app\Controllers\MainController.php(21): CodeIgniter\BaseModel->findAll()
#7 C:\laragon\www\Retry\system\CodeIgniter.php(919): App\Controllers\MainController->try()
#8 C:\laragon\www\Retry\system\CodeIgniter.php(494): CodeIgniter\CodeIgniter->runController(Object(App\Controllers\MainController))
#9 C:\laragon\www\Retry\system\CodeIgniter.php(353): CodeIgniter\CodeIgniter->handleRequest(NULL, Object(Config\Cache), false)
#10 C:\laragon\www\Retry\public\index.php(79): CodeIgniter\CodeIgniter->run()
#11 C:\laragon\www\Retry\system\Commands\Server\rewrite.php(47): require_once('C:\\laragon\\www\\...')
#12 {main}
CRITICAL - 2023-09-13 14:31:47 --> No database selected
in SYSTEMPATH\Database\BaseConnection.php on line 646.
 1 SYSTEMPATH\Database\BaseBuilder.php(1615): CodeIgniter\Database\BaseConnection->query('SELECT *
FROM `mains`', [], false)
 2 SYSTEMPATH\Model.php(237): CodeIgniter\Database\BaseBuilder->get()
 3 SYSTEMPATH\BaseModel.php(624): CodeIgniter\Model->doFindAll(0, 0)
 4 APPPATH\Controllers\MainController.php(21): CodeIgniter\BaseModel->findAll()
 5 SYSTEMPATH\CodeIgniter.php(919): App\Controllers\MainController->try()
 6 SYSTEMPATH\CodeIgniter.php(494): CodeIgniter\CodeIgniter->runController(Object(App\Controllers\MainController))
 7 SYSTEMPATH\CodeIgniter.php(353): CodeIgniter\CodeIgniter->handleRequest(null, Object(Config\Cache), false)
 8 FCPATH\index.php(79): CodeIgniter\CodeIgniter->run()
 9 SYSTEMPATH\Commands\Server\rewrite.php(47): require_once('C:\\laragon\\www\\Retry\\public\\index.php')
ERROR - 2023-09-13 14:33:16 --> mysqli_sql_exception: No database selected in C:\laragon\www\Retry\system\Database\MySQLi\Connection.php:306
Stack trace:
#0 C:\laragon\www\Retry\system\Database\MySQLi\Connection.php(306): mysqli->query('SELECT *\nFROM `...', 0)
#1 C:\laragon\www\Retry\system\Database\BaseConnection.php(692): CodeIgniter\Database\MySQLi\Connection->execute('SELECT *\nFROM `...')
#2 C:\laragon\www\Retry\system\Database\BaseConnection.php(606): CodeIgniter\Database\BaseConnection->simpleQuery('SELECT *\nFROM `...')
#3 C:\laragon\www\Retry\system\Database\BaseBuilder.php(1615): CodeIgniter\Database\BaseConnection->query('SELECT *\nFROM `...', Array, false)
#4 C:\laragon\www\Retry\system\Model.php(237): CodeIgniter\Database\BaseBuilder->get()
#5 C:\laragon\www\Retry\system\BaseModel.php(624): CodeIgniter\Model->doFindAll(0, 0)
#6 C:\laragon\www\Retry\app\Controllers\MainController.php(21): CodeIgniter\BaseModel->findAll()
#7 C:\laragon\www\Retry\system\CodeIgniter.php(919): App\Controllers\MainController->try()
#8 C:\laragon\www\Retry\system\CodeIgniter.php(494): CodeIgniter\CodeIgniter->runController(Object(App\Controllers\MainController))
#9 C:\laragon\www\Retry\system\CodeIgniter.php(353): CodeIgniter\CodeIgniter->handleRequest(NULL, Object(Config\Cache), false)
#10 C:\laragon\www\Retry\public\index.php(79): CodeIgniter\CodeIgniter->run()
#11 C:\laragon\www\Retry\system\Commands\Server\rewrite.php(47): require_once('C:\\laragon\\www\\...')
#12 {main}
CRITICAL - 2023-09-13 14:33:16 --> No database selected
in SYSTEMPATH\Database\BaseConnection.php on line 646.
 1 SYSTEMPATH\Database\BaseBuilder.php(1615): CodeIgniter\Database\BaseConnection->query('SELECT *
FROM `mains`', [], false)
 2 SYSTEMPATH\Model.php(237): CodeIgniter\Database\BaseBuilder->get()
 3 SYSTEMPATH\BaseModel.php(624): CodeIgniter\Model->doFindAll(0, 0)
 4 APPPATH\Controllers\MainController.php(21): CodeIgniter\BaseModel->findAll()
 5 SYSTEMPATH\CodeIgniter.php(919): App\Controllers\MainController->try()
 6 SYSTEMPATH\CodeIgniter.php(494): CodeIgniter\CodeIgniter->runController(Object(App\Controllers\MainController))
 7 SYSTEMPATH\CodeIgniter.php(353): CodeIgniter\CodeIgniter->handleRequest(null, Object(Config\Cache), false)
 8 FCPATH\index.php(79): CodeIgniter\CodeIgniter->run()
 9 SYSTEMPATH\Commands\Server\rewrite.php(47): require_once('C:\\laragon\\www\\Retry\\public\\index.php')
ERROR - 2023-09-13 14:33:17 --> mysqli_sql_exception: No database selected in C:\laragon\www\Retry\system\Database\MySQLi\Connection.php:306
Stack trace:
#0 C:\laragon\www\Retry\system\Database\MySQLi\Connection.php(306): mysqli->query('SELECT *\nFROM `...', 0)
#1 C:\laragon\www\Retry\system\Database\BaseConnection.php(692): CodeIgniter\Database\MySQLi\Connection->execute('SELECT *\nFROM `...')
#2 C:\laragon\www\Retry\system\Database\BaseConnection.php(606): CodeIgniter\Database\BaseConnection->simpleQuery('SELECT *\nFROM `...')
#3 C:\laragon\www\Retry\system\Database\BaseBuilder.php(1615): CodeIgniter\Database\BaseConnection->query('SELECT *\nFROM `...', Array, false)
#4 C:\laragon\www\Retry\system\Model.php(237): CodeIgniter\Database\BaseBuilder->get()
#5 C:\laragon\www\Retry\system\BaseModel.php(624): CodeIgniter\Model->doFindAll(0, 0)
#6 C:\laragon\www\Retry\app\Controllers\MainController.php(21): CodeIgniter\BaseModel->findAll()
#7 C:\laragon\www\Retry\system\CodeIgniter.php(919): App\Controllers\MainController->try()
#8 C:\laragon\www\Retry\system\CodeIgniter.php(494): CodeIgniter\CodeIgniter->runController(Object(App\Controllers\MainController))
#9 C:\laragon\www\Retry\system\CodeIgniter.php(353): CodeIgniter\CodeIgniter->handleRequest(NULL, Object(Config\Cache), false)
#10 C:\laragon\www\Retry\public\index.php(79): CodeIgniter\CodeIgniter->run()
#11 C:\laragon\www\Retry\system\Commands\Server\rewrite.php(47): require_once('C:\\laragon\\www\\...')
#12 {main}
CRITICAL - 2023-09-13 14:33:17 --> No database selected
in SYSTEMPATH\Database\BaseConnection.php on line 646.
 1 SYSTEMPATH\Database\BaseBuilder.php(1615): CodeIgniter\Database\BaseConnection->query('SELECT *
FROM `mains`', [], false)
 2 SYSTEMPATH\Model.php(237): CodeIgniter\Database\BaseBuilder->get()
 3 SYSTEMPATH\BaseModel.php(624): CodeIgniter\Model->doFindAll(0, 0)
 4 APPPATH\Controllers\MainController.php(21): CodeIgniter\BaseModel->findAll()
 5 SYSTEMPATH\CodeIgniter.php(919): App\Controllers\MainController->try()
 6 SYSTEMPATH\CodeIgniter.php(494): CodeIgniter\CodeIgniter->runController(Object(App\Controllers\MainController))
 7 SYSTEMPATH\CodeIgniter.php(353): CodeIgniter\CodeIgniter->handleRequest(null, Object(Config\Cache), false)
 8 FCPATH\index.php(79): CodeIgniter\CodeIgniter->run()
 9 SYSTEMPATH\Commands\Server\rewrite.php(47): require_once('C:\\laragon\\www\\Retry\\public\\index.php')
ERROR - 2023-09-13 14:33:27 --> mysqli_sql_exception: No database selected in C:\laragon\www\Retry\system\Database\MySQLi\Connection.php:306
Stack trace:
#0 C:\laragon\www\Retry\system\Database\MySQLi\Connection.php(306): mysqli->query('SELECT *\nFROM `...', 0)
#1 C:\laragon\www\Retry\system\Database\BaseConnection.php(692): CodeIgniter\Database\MySQLi\Connection->execute('SELECT *\nFROM `...')
#2 C:\laragon\www\Retry\system\Database\BaseConnection.php(606): CodeIgniter\Database\BaseConnection->simpleQuery('SELECT *\nFROM `...')
#3 C:\laragon\www\Retry\system\Database\BaseBuilder.php(1615): CodeIgniter\Database\BaseConnection->query('SELECT *\nFROM `...', Array, false)
#4 C:\laragon\www\Retry\system\Model.php(237): CodeIgniter\Database\BaseBuilder->get()
#5 C:\laragon\www\Retry\system\BaseModel.php(624): CodeIgniter\Model->doFindAll(0, 0)
#6 C:\laragon\www\Retry\app\Controllers\MainController.php(21): CodeIgniter\BaseModel->findAll()
#7 C:\laragon\www\Retry\system\CodeIgniter.php(919): App\Controllers\MainController->try()
#8 C:\laragon\www\Retry\system\CodeIgniter.php(494): CodeIgniter\CodeIgniter->runController(Object(App\Controllers\MainController))
#9 C:\laragon\www\Retry\system\CodeIgniter.php(353): CodeIgniter\CodeIgniter->handleRequest(NULL, Object(Config\Cache), false)
#10 C:\laragon\www\Retry\public\index.php(79): CodeIgniter\CodeIgniter->run()
#11 C:\laragon\www\Retry\system\Commands\Server\rewrite.php(47): require_once('C:\\laragon\\www\\...')
#12 {main}
CRITICAL - 2023-09-13 14:33:27 --> No database selected
in SYSTEMPATH\Database\BaseConnection.php on line 646.
 1 SYSTEMPATH\Database\BaseBuilder.php(1615): CodeIgniter\Database\BaseConnection->query('SELECT *
FROM `mains`', [], false)
 2 SYSTEMPATH\Model.php(237): CodeIgniter\Database\BaseBuilder->get()
 3 SYSTEMPATH\BaseModel.php(624): CodeIgniter\Model->doFindAll(0, 0)
 4 APPPATH\Controllers\MainController.php(21): CodeIgniter\BaseModel->findAll()
 5 SYSTEMPATH\CodeIgniter.php(919): App\Controllers\MainController->try()
 6 SYSTEMPATH\CodeIgniter.php(494): CodeIgniter\CodeIgniter->runController(Object(App\Controllers\MainController))
 7 SYSTEMPATH\CodeIgniter.php(353): CodeIgniter\CodeIgniter->handleRequest(null, Object(Config\Cache), false)
 8 FCPATH\index.php(79): CodeIgniter\CodeIgniter->run()
 9 SYSTEMPATH\Commands\Server\rewrite.php(47): require_once('C:\\laragon\\www\\Retry\\public\\index.php')
ERROR - 2023-09-13 14:33:29 --> mysqli_sql_exception: No database selected in C:\laragon\www\Retry\system\Database\MySQLi\Connection.php:306
Stack trace:
#0 C:\laragon\www\Retry\system\Database\MySQLi\Connection.php(306): mysqli->query('SELECT *\nFROM `...', 0)
#1 C:\laragon\www\Retry\system\Database\BaseConnection.php(692): CodeIgniter\Database\MySQLi\Connection->execute('SELECT *\nFROM `...')
#2 C:\laragon\www\Retry\system\Database\BaseConnection.php(606): CodeIgniter\Database\BaseConnection->simpleQuery('SELECT *\nFROM `...')
#3 C:\laragon\www\Retry\system\Database\BaseBuilder.php(1615): CodeIgniter\Database\BaseConnection->query('SELECT *\nFROM `...', Array, false)
#4 C:\laragon\www\Retry\system\Model.php(237): CodeIgniter\Database\BaseBuilder->get()
#5 C:\laragon\www\Retry\system\BaseModel.php(624): CodeIgniter\Model->doFindAll(0, 0)
#6 C:\laragon\www\Retry\app\Controllers\MainController.php(21): CodeIgniter\BaseModel->findAll()
#7 C:\laragon\www\Retry\system\CodeIgniter.php(919): App\Controllers\MainController->try()
#8 C:\laragon\www\Retry\system\CodeIgniter.php(494): CodeIgniter\CodeIgniter->runController(Object(App\Controllers\MainController))
#9 C:\laragon\www\Retry\system\CodeIgniter.php(353): CodeIgniter\CodeIgniter->handleRequest(NULL, Object(Config\Cache), false)
#10 C:\laragon\www\Retry\public\index.php(79): CodeIgniter\CodeIgniter->run()
#11 C:\laragon\www\Retry\system\Commands\Server\rewrite.php(47): require_once('C:\\laragon\\www\\...')
#12 {main}
CRITICAL - 2023-09-13 14:33:29 --> No database selected
in SYSTEMPATH\Database\BaseConnection.php on line 646.
 1 SYSTEMPATH\Database\BaseBuilder.php(1615): CodeIgniter\Database\BaseConnection->query('SELECT *
FROM `mains`', [], false)
 2 SYSTEMPATH\Model.php(237): CodeIgniter\Database\BaseBuilder->get()
 3 SYSTEMPATH\BaseModel.php(624): CodeIgniter\Model->doFindAll(0, 0)
 4 APPPATH\Controllers\MainController.php(21): CodeIgniter\BaseModel->findAll()
 5 SYSTEMPATH\CodeIgniter.php(919): App\Controllers\MainController->try()
 6 SYSTEMPATH\CodeIgniter.php(494): CodeIgniter\CodeIgniter->runController(Object(App\Controllers\MainController))
 7 SYSTEMPATH\CodeIgniter.php(353): CodeIgniter\CodeIgniter->handleRequest(null, Object(Config\Cache), false)
 8 FCPATH\index.php(79): CodeIgniter\CodeIgniter->run()
 9 SYSTEMPATH\Commands\Server\rewrite.php(47): require_once('C:\\laragon\\www\\Retry\\public\\index.php')
ERROR - 2023-09-13 14:36:16 --> mysqli_sql_exception: No database selected in C:\laragon\www\Retry\system\Database\MySQLi\Connection.php:306
Stack trace:
#0 C:\laragon\www\Retry\system\Database\MySQLi\Connection.php(306): mysqli->query('SELECT *\nFROM `...', 0)
#1 C:\laragon\www\Retry\system\Database\BaseConnection.php(692): CodeIgniter\Database\MySQLi\Connection->execute('SELECT *\nFROM `...')
#2 C:\laragon\www\Retry\system\Database\BaseConnection.php(606): CodeIgniter\Database\BaseConnection->simpleQuery('SELECT *\nFROM `...')
#3 C:\laragon\www\Retry\system\Database\BaseBuilder.php(1615): CodeIgniter\Database\BaseConnection->query('SELECT *\nFROM `...', Array, false)
#4 C:\laragon\www\Retry\system\Model.php(237): CodeIgniter\Database\BaseBuilder->get()
#5 C:\laragon\www\Retry\system\BaseModel.php(624): CodeIgniter\Model->doFindAll(0, 0)
#6 C:\laragon\www\Retry\app\Controllers\MainController.php(21): CodeIgniter\BaseModel->findAll()
#7 C:\laragon\www\Retry\system\CodeIgniter.php(919): App\Controllers\MainController->try()
#8 C:\laragon\www\Retry\system\CodeIgniter.php(494): CodeIgniter\CodeIgniter->runController(Object(App\Controllers\MainController))
#9 C:\laragon\www\Retry\system\CodeIgniter.php(353): CodeIgniter\CodeIgniter->handleRequest(NULL, Object(Config\Cache), false)
#10 C:\laragon\www\Retry\public\index.php(79): CodeIgniter\CodeIgniter->run()
#11 C:\laragon\www\Retry\system\Commands\Server\rewrite.php(47): require_once('C:\\laragon\\www\\...')
#12 {main}
CRITICAL - 2023-09-13 14:36:16 --> No database selected
in SYSTEMPATH\Database\BaseConnection.php on line 646.
 1 SYSTEMPATH\Database\BaseBuilder.php(1615): CodeIgniter\Database\BaseConnection->query('SELECT *
FROM `room`', [], false)
 2 SYSTEMPATH\Model.php(237): CodeIgniter\Database\BaseBuilder->get()
 3 SYSTEMPATH\BaseModel.php(624): CodeIgniter\Model->doFindAll(0, 0)
 4 APPPATH\Controllers\MainController.php(21): CodeIgniter\BaseModel->findAll()
 5 SYSTEMPATH\CodeIgniter.php(919): App\Controllers\MainController->try()
 6 SYSTEMPATH\CodeIgniter.php(494): CodeIgniter\CodeIgniter->runController(Object(App\Controllers\MainController))
 7 SYSTEMPATH\CodeIgniter.php(353): CodeIgniter\CodeIgniter->handleRequest(null, Object(Config\Cache), false)
 8 FCPATH\index.php(79): CodeIgniter\CodeIgniter->run()
 9 SYSTEMPATH\Commands\Server\rewrite.php(47): require_once('C:\\laragon\\www\\Retry\\public\\index.php')
ERROR - 2023-09-13 14:36:32 --> mysqli_sql_exception: No database selected in C:\laragon\www\Retry\system\Database\MySQLi\Connection.php:306
Stack trace:
#0 C:\laragon\www\Retry\system\Database\MySQLi\Connection.php(306): mysqli->query('SELECT *\nFROM `...', 0)
#1 C:\laragon\www\Retry\system\Database\BaseConnection.php(692): CodeIgniter\Database\MySQLi\Connection->execute('SELECT *\nFROM `...')
#2 C:\laragon\www\Retry\system\Database\BaseConnection.php(606): CodeIgniter\Database\BaseConnection->simpleQuery('SELECT *\nFROM `...')
#3 C:\laragon\www\Retry\system\Database\BaseBuilder.php(1615): CodeIgniter\Database\BaseConnection->query('SELECT *\nFROM `...', Array, false)
#4 C:\laragon\www\Retry\system\Model.php(237): CodeIgniter\Database\BaseBuilder->get()
#5 C:\laragon\www\Retry\system\BaseModel.php(624): CodeIgniter\Model->doFindAll(0, 0)
#6 C:\laragon\www\Retry\app\Controllers\MainController.php(21): CodeIgniter\BaseModel->findAll()
#7 C:\laragon\www\Retry\system\CodeIgniter.php(919): App\Controllers\MainController->try()
#8 C:\laragon\www\Retry\system\CodeIgniter.php(494): CodeIgniter\CodeIgniter->runController(Object(App\Controllers\MainController))
#9 C:\laragon\www\Retry\system\CodeIgniter.php(353): CodeIgniter\CodeIgniter->handleRequest(NULL, Object(Config\Cache), false)
#10 C:\laragon\www\Retry\public\index.php(79): CodeIgniter\CodeIgniter->run()
#11 C:\laragon\www\Retry\system\Commands\Server\rewrite.php(47): require_once('C:\\laragon\\www\\...')
#12 {main}
CRITICAL - 2023-09-13 14:36:32 --> No database selected
in SYSTEMPATH\Database\BaseConnection.php on line 646.
 1 SYSTEMPATH\Database\BaseBuilder.php(1615): CodeIgniter\Database\BaseConnection->query('SELECT *
FROM `room`', [], false)
 2 SYSTEMPATH\Model.php(237): CodeIgniter\Database\BaseBuilder->get()
 3 SYSTEMPATH\BaseModel.php(624): CodeIgniter\Model->doFindAll(0, 0)
 4 APPPATH\Controllers\MainController.php(21): CodeIgniter\BaseModel->findAll()
 5 SYSTEMPATH\CodeIgniter.php(919): App\Controllers\MainController->try()
 6 SYSTEMPATH\CodeIgniter.php(494): CodeIgniter\CodeIgniter->runController(Object(App\Controllers\MainController))
 7 SYSTEMPATH\CodeIgniter.php(353): CodeIgniter\CodeIgniter->handleRequest(null, Object(Config\Cache), false)
 8 FCPATH\index.php(79): CodeIgniter\CodeIgniter->run()
 9 SYSTEMPATH\Commands\Server\rewrite.php(47): require_once('C:\\laragon\\www\\Retry\\public\\index.php')
ERROR - 2023-09-13 14:36:56 --> mysqli_sql_exception: No database selected in C:\laragon\www\Retry\system\Database\MySQLi\Connection.php:306
Stack trace:
#0 C:\laragon\www\Retry\system\Database\MySQLi\Connection.php(306): mysqli->query('SELECT *\nFROM `...', 0)
#1 C:\laragon\www\Retry\system\Database\BaseConnection.php(692): CodeIgniter\Database\MySQLi\Connection->execute('SELECT *\nFROM `...')
#2 C:\laragon\www\Retry\system\Database\BaseConnection.php(606): CodeIgniter\Database\BaseConnection->simpleQuery('SELECT *\nFROM `...')
#3 C:\laragon\www\Retry\system\Database\BaseBuilder.php(1615): CodeIgniter\Database\BaseConnection->query('SELECT *\nFROM `...', Array, false)
#4 C:\laragon\www\Retry\system\Model.php(237): CodeIgniter\Database\BaseBuilder->get()
#5 C:\laragon\www\Retry\system\BaseModel.php(624): CodeIgniter\Model->doFindAll(0, 0)
#6 C:\laragon\www\Retry\app\Controllers\MainController.php(21): CodeIgniter\BaseModel->findAll()
#7 C:\laragon\www\Retry\system\CodeIgniter.php(919): App\Controllers\MainController->try()
#8 C:\laragon\www\Retry\system\CodeIgniter.php(494): CodeIgniter\CodeIgniter->runController(Object(App\Controllers\MainController))
#9 C:\laragon\www\Retry\system\CodeIgniter.php(353): CodeIgniter\CodeIgniter->handleRequest(NULL, Object(Config\Cache), false)
#10 C:\laragon\www\Retry\public\index.php(79): CodeIgniter\CodeIgniter->run()
#11 C:\laragon\www\Retry\system\Commands\Server\rewrite.php(47): require_once('C:\\laragon\\www\\...')
#12 {main}
CRITICAL - 2023-09-13 14:36:56 --> No database selected
in SYSTEMPATH\Database\BaseConnection.php on line 646.
 1 SYSTEMPATH\Database\BaseBuilder.php(1615): CodeIgniter\Database\BaseConnection->query('SELECT *
FROM `room`', [], false)
 2 SYSTEMPATH\Model.php(237): CodeIgniter\Database\BaseBuilder->get()
 3 SYSTEMPATH\BaseModel.php(624): CodeIgniter\Model->doFindAll(0, 0)
 4 APPPATH\Controllers\MainController.php(21): CodeIgniter\BaseModel->findAll()
 5 SYSTEMPATH\CodeIgniter.php(919): App\Controllers\MainController->try()
 6 SYSTEMPATH\CodeIgniter.php(494): CodeIgniter\CodeIgniter->runController(Object(App\Controllers\MainController))
 7 SYSTEMPATH\CodeIgniter.php(353): CodeIgniter\CodeIgniter->handleRequest(null, Object(Config\Cache), false)
 8 FCPATH\index.php(79): CodeIgniter\CodeIgniter->run()
 9 SYSTEMPATH\Commands\Server\rewrite.php(47): require_once('C:\\laragon\\www\\Retry\\public\\index.php')
ERROR - 2023-09-13 14:37:08 --> mysqli_sql_exception: No database selected in C:\laragon\www\Retry\system\Database\MySQLi\Connection.php:306
Stack trace:
#0 C:\laragon\www\Retry\system\Database\MySQLi\Connection.php(306): mysqli->query('SELECT *\nFROM `...', 0)
#1 C:\laragon\www\Retry\system\Database\BaseConnection.php(692): CodeIgniter\Database\MySQLi\Connection->execute('SELECT *\nFROM `...')
#2 C:\laragon\www\Retry\system\Database\BaseConnection.php(606): CodeIgniter\Database\BaseConnection->simpleQuery('SELECT *\nFROM `...')
#3 C:\laragon\www\Retry\system\Database\BaseBuilder.php(1615): CodeIgniter\Database\BaseConnection->query('SELECT *\nFROM `...', Array, false)
#4 C:\laragon\www\Retry\system\Model.php(237): CodeIgniter\Database\BaseBuilder->get()
#5 C:\laragon\www\Retry\system\BaseModel.php(624): CodeIgniter\Model->doFindAll(0, 0)
#6 C:\laragon\www\Retry\app\Controllers\MainController.php(21): CodeIgniter\BaseModel->findAll()
#7 C:\laragon\www\Retry\system\CodeIgniter.php(919): App\Controllers\MainController->try()
#8 C:\laragon\www\Retry\system\CodeIgniter.php(494): CodeIgniter\CodeIgniter->runController(Object(App\Controllers\MainController))
#9 C:\laragon\www\Retry\system\CodeIgniter.php(353): CodeIgniter\CodeIgniter->handleRequest(NULL, Object(Config\Cache), false)
#10 C:\laragon\www\Retry\public\index.php(79): CodeIgniter\CodeIgniter->run()
#11 C:\laragon\www\Retry\system\Commands\Server\rewrite.php(47): require_once('C:\\laragon\\www\\...')
#12 {main}
CRITICAL - 2023-09-13 14:37:08 --> No database selected
in SYSTEMPATH\Database\BaseConnection.php on line 646.
 1 SYSTEMPATH\Database\BaseBuilder.php(1615): CodeIgniter\Database\BaseConnection->query('SELECT *
FROM `room`', [], false)
 2 SYSTEMPATH\Model.php(237): CodeIgniter\Database\BaseBuilder->get()
 3 SYSTEMPATH\BaseModel.php(624): CodeIgniter\Model->doFindAll(0, 0)
 4 APPPATH\Controllers\MainController.php(21): CodeIgniter\BaseModel->findAll()
 5 SYSTEMPATH\CodeIgniter.php(919): App\Controllers\MainController->try()
 6 SYSTEMPATH\CodeIgniter.php(494): CodeIgniter\CodeIgniter->runController(Object(App\Controllers\MainController))
 7 SYSTEMPATH\CodeIgniter.php(353): CodeIgniter\CodeIgniter->handleRequest(null, Object(Config\Cache), false)
 8 FCPATH\index.php(79): CodeIgniter\CodeIgniter->run()
 9 SYSTEMPATH\Commands\Server\rewrite.php(47): require_once('C:\\laragon\\www\\Retry\\public\\index.php')
ERROR - 2023-09-13 14:37:30 --> mysqli_sql_exception: No database selected in C:\laragon\www\Retry\system\Database\MySQLi\Connection.php:306
Stack trace:
#0 C:\laragon\www\Retry\system\Database\MySQLi\Connection.php(306): mysqli->query('SELECT *\nFROM `...', 0)
#1 C:\laragon\www\Retry\system\Database\BaseConnection.php(692): CodeIgniter\Database\MySQLi\Connection->execute('SELECT *\nFROM `...')
#2 C:\laragon\www\Retry\system\Database\BaseConnection.php(606): CodeIgniter\Database\BaseConnection->simpleQuery('SELECT *\nFROM `...')
#3 C:\laragon\www\Retry\system\Database\BaseBuilder.php(1615): CodeIgniter\Database\BaseConnection->query('SELECT *\nFROM `...', Array, false)
#4 C:\laragon\www\Retry\system\Model.php(237): CodeIgniter\Database\BaseBuilder->get()
#5 C:\laragon\www\Retry\system\BaseModel.php(624): CodeIgniter\Model->doFindAll(0, 0)
#6 C:\laragon\www\Retry\app\Controllers\MainController.php(21): CodeIgniter\BaseModel->findAll()
#7 C:\laragon\www\Retry\system\CodeIgniter.php(919): App\Controllers\MainController->try()
#8 C:\laragon\www\Retry\system\CodeIgniter.php(494): CodeIgniter\CodeIgniter->runController(Object(App\Controllers\MainController))
#9 C:\laragon\www\Retry\system\CodeIgniter.php(353): CodeIgniter\CodeIgniter->handleRequest(NULL, Object(Config\Cache), false)
#10 C:\laragon\www\Retry\public\index.php(79): CodeIgniter\CodeIgniter->run()
#11 C:\laragon\www\Retry\system\Commands\Server\rewrite.php(47): require_once('C:\\laragon\\www\\...')
#12 {main}
CRITICAL - 2023-09-13 14:37:30 --> No database selected
in SYSTEMPATH\Database\BaseConnection.php on line 646.
 1 SYSTEMPATH\Database\BaseBuilder.php(1615): CodeIgniter\Database\BaseConnection->query('SELECT *
FROM `room`', [], false)
 2 SYSTEMPATH\Model.php(237): CodeIgniter\Database\BaseBuilder->get()
 3 SYSTEMPATH\BaseModel.php(624): CodeIgniter\Model->doFindAll(0, 0)
 4 APPPATH\Controllers\MainController.php(21): CodeIgniter\BaseModel->findAll()
 5 SYSTEMPATH\CodeIgniter.php(919): App\Controllers\MainController->try()
 6 SYSTEMPATH\CodeIgniter.php(494): CodeIgniter\CodeIgniter->runController(Object(App\Controllers\MainController))
 7 SYSTEMPATH\CodeIgniter.php(353): CodeIgniter\CodeIgniter->handleRequest(null, Object(Config\Cache), false)
 8 FCPATH\index.php(79): CodeIgniter\CodeIgniter->run()
 9 SYSTEMPATH\Commands\Server\rewrite.php(47): require_once('C:\\laragon\\www\\Retry\\public\\index.php')
CRITICAL - 2023-09-13 14:37:45 --> Undefined variable $main
in APPPATH\Views\main.php on line 17.
 1 APPPATH\Views\main.php(17): CodeIgniter\Debug\Exceptions->errorHandler(2, 'Undefined variable $main', 'C:\\laragon\\www\\Retry\\app\\Views\\main.php', 17)
 2 SYSTEMPATH\View\View.php(226): include('C:\\laragon\\www\\Retry\\app\\Views\\main.php')
 3 SYSTEMPATH\View\View.php(229): CodeIgniter\View\View->CodeIgniter\View\{closure}()
 4 SYSTEMPATH\Common.php(1188): CodeIgniter\View\View->render('main', [], true)
 5 APPPATH\Controllers\MainController.php(24): view('main')
 6 SYSTEMPATH\CodeIgniter.php(919): App\Controllers\MainController->try()
 7 SYSTEMPATH\CodeIgniter.php(494): CodeIgniter\CodeIgniter->runController(Object(App\Controllers\MainController))
 8 SYSTEMPATH\CodeIgniter.php(353): CodeIgniter\CodeIgniter->handleRequest(null, Object(Config\Cache), false)
 9 FCPATH\index.php(79): CodeIgniter\CodeIgniter->run()
10 SYSTEMPATH\Commands\Server\rewrite.php(47): require_once('C:\\laragon\\www\\Retry\\public\\index.php')
CRITICAL - 2023-09-13 14:37:47 --> Undefined variable $main
in APPPATH\Views\main.php on line 17.
 1 APPPATH\Views\main.php(17): CodeIgniter\Debug\Exceptions->errorHandler(2, 'Undefined variable $main', 'C:\\laragon\\www\\Retry\\app\\Views\\main.php', 17)
 2 SYSTEMPATH\View\View.php(226): include('C:\\laragon\\www\\Retry\\app\\Views\\main.php')
 3 SYSTEMPATH\View\View.php(229): CodeIgniter\View\View->CodeIgniter\View\{closure}()
 4 SYSTEMPATH\Common.php(1188): CodeIgniter\View\View->render('main', [], true)
 5 APPPATH\Controllers\MainController.php(24): view('main')
 6 SYSTEMPATH\CodeIgniter.php(919): App\Controllers\MainController->try()
 7 SYSTEMPATH\CodeIgniter.php(494): CodeIgniter\CodeIgniter->runController(Object(App\Controllers\MainController))
 8 SYSTEMPATH\CodeIgniter.php(353): CodeIgniter\CodeIgniter->handleRequest(null, Object(Config\Cache), false)
 9 FCPATH\index.php(79): CodeIgniter\CodeIgniter->run()
10 SYSTEMPATH\Commands\Server\rewrite.php(47): require_once('C:\\laragon\\www\\Retry\\public\\index.php')
CRITICAL - 2023-09-13 14:37:54 --> Undefined variable $main
in APPPATH\Views\main.php on line 17.
 1 APPPATH\Views\main.php(17): CodeIgniter\Debug\Exceptions->errorHandler(2, 'Undefined variable $main', 'C:\\laragon\\www\\Retry\\app\\Views\\main.php', 17)
 2 SYSTEMPATH\View\View.php(226): include('C:\\laragon\\www\\Retry\\app\\Views\\main.php')
 3 SYSTEMPATH\View\View.php(229): CodeIgniter\View\View->CodeIgniter\View\{closure}()
 4 SYSTEMPATH\Common.php(1188): CodeIgniter\View\View->render('main', [], true)
 5 APPPATH\Controllers\MainController.php(24): view('main')
 6 SYSTEMPATH\CodeIgniter.php(919): App\Controllers\MainController->try()
 7 SYSTEMPATH\CodeIgniter.php(494): CodeIgniter\CodeIgniter->runController(Object(App\Controllers\MainController))
 8 SYSTEMPATH\CodeIgniter.php(353): CodeIgniter\CodeIgniter->handleRequest(null, Object(Config\Cache), false)
 9 FCPATH\index.php(79): CodeIgniter\CodeIgniter->run()
10 SYSTEMPATH\Commands\Server\rewrite.php(47): require_once('C:\\laragon\\www\\Retry\\public\\index.php')
CRITICAL - 2023-09-13 14:38:42 --> Undefined variable $main
in APPPATH\Views\main.php on line 17.
 1 APPPATH\Views\main.php(17): CodeIgniter\Debug\Exceptions->errorHandler(2, 'Undefined variable $main', 'C:\\laragon\\www\\Retry\\app\\Views\\main.php', 17)
 2 SYSTEMPATH\View\View.php(226): include('C:\\laragon\\www\\Retry\\app\\Views\\main.php')
 3 SYSTEMPATH\View\View.php(229): CodeIgniter\View\View->CodeIgniter\View\{closure}()
 4 SYSTEMPATH\Common.php(1188): CodeIgniter\View\View->render('main', [], true)
 5 APPPATH\Controllers\MainController.php(24): view('main')
 6 SYSTEMPATH\CodeIgniter.php(919): App\Controllers\MainController->try()
 7 SYSTEMPATH\CodeIgniter.php(494): CodeIgniter\CodeIgniter->runController(Object(App\Controllers\MainController))
 8 SYSTEMPATH\CodeIgniter.php(353): CodeIgniter\CodeIgniter->handleRequest(null, Object(Config\Cache), false)
 9 FCPATH\index.php(79): CodeIgniter\CodeIgniter->run()
10 SYSTEMPATH\Commands\Server\rewrite.php(47): require_once('C:\\laragon\\www\\Retry\\public\\index.php')
CRITICAL - 2023-09-13 14:43:38 --> Undefined variable $main
in APPPATH\Views\main.php on line 17.
 1 APPPATH\Views\main.php(17): CodeIgniter\Debug\Exceptions->errorHandler(2, 'Undefined variable $main', 'C:\\laragon\\www\\Retry\\app\\Views\\main.php', 17)
 2 SYSTEMPATH\View\View.php(226): include('C:\\laragon\\www\\Retry\\app\\Views\\main.php')
 3 SYSTEMPATH\View\View.php(229): CodeIgniter\View\View->CodeIgniter\View\{closure}()
 4 SYSTEMPATH\Common.php(1188): CodeIgniter\View\View->render('main', [], true)
 5 APPPATH\Controllers\MainController.php(24): view('main')
 6 SYSTEMPATH\CodeIgniter.php(919): App\Controllers\MainController->try()
 7 SYSTEMPATH\CodeIgniter.php(494): CodeIgniter\CodeIgniter->runController(Object(App\Controllers\MainController))
 8 SYSTEMPATH\CodeIgniter.php(353): CodeIgniter\CodeIgniter->handleRequest(null, Object(Config\Cache), false)
 9 FCPATH\index.php(79): CodeIgniter\CodeIgniter->run()
10 SYSTEMPATH\Commands\Server\rewrite.php(47): require_once('C:\\laragon\\www\\Retry\\public\\index.php')
CRITICAL - 2023-09-13 14:45:02 --> Undefined variable $main
in APPPATH\Views\main.php on line 17.
 1 APPPATH\Views\main.php(17): CodeIgniter\Debug\Exceptions->errorHandler(2, 'Undefined variable $main', 'C:\\laragon\\www\\Retry\\app\\Views\\main.php', 17)
 2 SYSTEMPATH\View\View.php(226): include('C:\\laragon\\www\\Retry\\app\\Views\\main.php')
 3 SYSTEMPATH\View\View.php(229): CodeIgniter\View\View->CodeIgniter\View\{closure}()
 4 SYSTEMPATH\Common.php(1188): CodeIgniter\View\View->render('main', [], true)
 5 APPPATH\Controllers\MainController.php(24): view('main')
 6 SYSTEMPATH\CodeIgniter.php(919): App\Controllers\MainController->try()
 7 SYSTEMPATH\CodeIgniter.php(494): CodeIgniter\CodeIgniter->runController(Object(App\Controllers\MainController))
 8 SYSTEMPATH\CodeIgniter.php(353): CodeIgniter\CodeIgniter->handleRequest(null, Object(Config\Cache), false)
 9 FCPATH\index.php(79): CodeIgniter\CodeIgniter->run()
10 SYSTEMPATH\Commands\Server\rewrite.php(47): require_once('C:\\laragon\\www\\Retry\\public\\index.php')
CRITICAL - 2023-09-13 14:48:34 --> Undefined variable $main
in APPPATH\Views\main.php on line 17.
 1 APPPATH\Views\main.php(17): CodeIgniter\Debug\Exceptions->errorHandler(2, 'Undefined variable $main', 'C:\\laragon\\www\\Retry\\app\\Views\\main.php', 17)
 2 SYSTEMPATH\View\View.php(226): include('C:\\laragon\\www\\Retry\\app\\Views\\main.php')
 3 SYSTEMPATH\View\View.php(229): CodeIgniter\View\View->CodeIgniter\View\{closure}()
 4 SYSTEMPATH\Common.php(1188): CodeIgniter\View\View->render('main', [], true)
 5 APPPATH\Controllers\MainController.php(24): view('main')
 6 SYSTEMPATH\CodeIgniter.php(919): App\Controllers\MainController->try()
 7 SYSTEMPATH\CodeIgniter.php(494): CodeIgniter\CodeIgniter->runController(Object(App\Controllers\MainController))
 8 SYSTEMPATH\CodeIgniter.php(353): CodeIgniter\CodeIgniter->handleRequest(null, Object(Config\Cache), false)
 9 FCPATH\index.php(79): CodeIgniter\CodeIgniter->run()
10 SYSTEMPATH\Commands\Server\rewrite.php(47): require_once('C:\\laragon\\www\\Retry\\public\\index.php')
ERROR - 2023-09-13 14:53:02 --> mysqli_sql_exception: No database selected in C:\laragon\www\Retry\system\Database\MySQLi\Connection.php:306
Stack trace:
#0 C:\laragon\www\Retry\system\Database\MySQLi\Connection.php(306): mysqli->query('SELECT *\nFROM `...', 0)
#1 C:\laragon\www\Retry\system\Database\BaseConnection.php(692): CodeIgniter\Database\MySQLi\Connection->execute('SELECT *\nFROM `...')
#2 C:\laragon\www\Retry\system\Database\BaseConnection.php(606): CodeIgniter\Database\BaseConnection->simpleQuery('SELECT *\nFROM `...')
#3 C:\laragon\www\Retry\system\Database\BaseBuilder.php(1615): CodeIgniter\Database\BaseConnection->query('SELECT *\nFROM `...', Array, false)
#4 C:\laragon\www\Retry\system\Model.php(237): CodeIgniter\Database\BaseBuilder->get()
#5 C:\laragon\www\Retry\system\BaseModel.php(624): CodeIgniter\Model->doFindAll(0, 0)
#6 C:\laragon\www\Retry\app\Controllers\MainController.php(21): CodeIgniter\BaseModel->findAll()
#7 C:\laragon\www\Retry\system\CodeIgniter.php(919): App\Controllers\MainController->try()
#8 C:\laragon\www\Retry\system\CodeIgniter.php(494): CodeIgniter\CodeIgniter->runController(Object(App\Controllers\MainController))
#9 C:\laragon\www\Retry\system\CodeIgniter.php(353): CodeIgniter\CodeIgniter->handleRequest(NULL, Object(Config\Cache), false)
#10 C:\laragon\www\Retry\public\index.php(79): CodeIgniter\CodeIgniter->run()
#11 C:\laragon\www\Retry\system\Commands\Server\rewrite.php(47): require_once('C:\\laragon\\www\\...')
#12 {main}
CRITICAL - 2023-09-13 14:53:02 --> No database selected
in SYSTEMPATH\Database\BaseConnection.php on line 646.
 1 SYSTEMPATH\Database\BaseBuilder.php(1615): CodeIgniter\Database\BaseConnection->query('SELECT *
FROM `room`', [], false)
 2 SYSTEMPATH\Model.php(237): CodeIgniter\Database\BaseBuilder->get()
 3 SYSTEMPATH\BaseModel.php(624): CodeIgniter\Model->doFindAll(0, 0)
 4 APPPATH\Controllers\MainController.php(21): CodeIgniter\BaseModel->findAll()
 5 SYSTEMPATH\CodeIgniter.php(919): App\Controllers\MainController->try()
 6 SYSTEMPATH\CodeIgniter.php(494): CodeIgniter\CodeIgniter->runController(Object(App\Controllers\MainController))
 7 SYSTEMPATH\CodeIgniter.php(353): CodeIgniter\CodeIgniter->handleRequest(null, Object(Config\Cache), false)
 8 FCPATH\index.php(79): CodeIgniter\CodeIgniter->run()
 9 SYSTEMPATH\Commands\Server\rewrite.php(47): require_once('C:\\laragon\\www\\Retry\\public\\index.php')
ERROR - 2023-09-13 14:53:12 --> mysqli_sql_exception: No database selected in C:\laragon\www\Retry\system\Database\MySQLi\Connection.php:306
Stack trace:
#0 C:\laragon\www\Retry\system\Database\MySQLi\Connection.php(306): mysqli->query('SELECT *\nFROM `...', 0)
#1 C:\laragon\www\Retry\system\Database\BaseConnection.php(692): CodeIgniter\Database\MySQLi\Connection->execute('SELECT *\nFROM `...')
#2 C:\laragon\www\Retry\system\Database\BaseConnection.php(606): CodeIgniter\Database\BaseConnection->simpleQuery('SELECT *\nFROM `...')
#3 C:\laragon\www\Retry\system\Database\BaseBuilder.php(1615): CodeIgniter\Database\BaseConnection->query('SELECT *\nFROM `...', Array, false)
#4 C:\laragon\www\Retry\system\Model.php(237): CodeIgniter\Database\BaseBuilder->get()
#5 C:\laragon\www\Retry\system\BaseModel.php(624): CodeIgniter\Model->doFindAll(0, 0)
#6 C:\laragon\www\Retry\app\Controllers\MainController.php(21): CodeIgniter\BaseModel->findAll()
#7 C:\laragon\www\Retry\system\CodeIgniter.php(919): App\Controllers\MainController->try()
#8 C:\laragon\www\Retry\system\CodeIgniter.php(494): CodeIgniter\CodeIgniter->runController(Object(App\Controllers\MainController))
#9 C:\laragon\www\Retry\system\CodeIgniter.php(353): CodeIgniter\CodeIgniter->handleRequest(NULL, Object(Config\Cache), false)
#10 C:\laragon\www\Retry\public\index.php(79): CodeIgniter\CodeIgniter->run()
#11 C:\laragon\www\Retry\system\Commands\Server\rewrite.php(47): require_once('C:\\laragon\\www\\...')
#12 {main}
CRITICAL - 2023-09-13 14:53:12 --> No database selected
in SYSTEMPATH\Database\BaseConnection.php on line 646.
 1 SYSTEMPATH\Database\BaseBuilder.php(1615): CodeIgniter\Database\BaseConnection->query('SELECT *
FROM `room`', [], false)
 2 SYSTEMPATH\Model.php(237): CodeIgniter\Database\BaseBuilder->get()
 3 SYSTEMPATH\BaseModel.php(624): CodeIgniter\Model->doFindAll(0, 0)
 4 APPPATH\Controllers\MainController.php(21): CodeIgniter\BaseModel->findAll()
 5 SYSTEMPATH\CodeIgniter.php(919): App\Controllers\MainController->try()
 6 SYSTEMPATH\CodeIgniter.php(494): CodeIgniter\CodeIgniter->runController(Object(App\Controllers\MainController))
 7 SYSTEMPATH\CodeIgniter.php(353): CodeIgniter\CodeIgniter->handleRequest(null, Object(Config\Cache), false)
 8 FCPATH\index.php(79): CodeIgniter\CodeIgniter->run()
 9 SYSTEMPATH\Commands\Server\rewrite.php(47): require_once('C:\\laragon\\www\\Retry\\public\\index.php')
ERROR - 2023-09-13 14:55:29 --> mysqli_sql_exception: No database selected in C:\laragon\www\Retry\system\Database\MySQLi\Connection.php:306
Stack trace:
#0 C:\laragon\www\Retry\system\Database\MySQLi\Connection.php(306): mysqli->query('SELECT *\nFROM `...', 0)
#1 C:\laragon\www\Retry\system\Database\BaseConnection.php(692): CodeIgniter\Database\MySQLi\Connection->execute('SELECT *\nFROM `...')
#2 C:\laragon\www\Retry\system\Database\BaseConnection.php(606): CodeIgniter\Database\BaseConnection->simpleQuery('SELECT *\nFROM `...')
#3 C:\laragon\www\Retry\system\Database\BaseBuilder.php(1615): CodeIgniter\Database\BaseConnection->query('SELECT *\nFROM `...', Array, false)
#4 C:\laragon\www\Retry\system\Model.php(237): CodeIgniter\Database\BaseBuilder->get()
#5 C:\laragon\www\Retry\system\BaseModel.php(624): CodeIgniter\Model->doFindAll(0, 0)
#6 C:\laragon\www\Retry\app\Controllers\MainController.php(21): CodeIgniter\BaseModel->findAll()
#7 C:\laragon\www\Retry\system\CodeIgniter.php(919): App\Controllers\MainController->try()
#8 C:\laragon\www\Retry\system\CodeIgniter.php(494): CodeIgniter\CodeIgniter->runController(Object(App\Controllers\MainController))
#9 C:\laragon\www\Retry\system\CodeIgniter.php(353): CodeIgniter\CodeIgniter->handleRequest(NULL, Object(Config\Cache), false)
#10 C:\laragon\www\Retry\public\index.php(79): CodeIgniter\CodeIgniter->run()
#11 C:\laragon\www\Retry\system\Commands\Server\rewrite.php(47): require_once('C:\\laragon\\www\\...')
#12 {main}
CRITICAL - 2023-09-13 14:55:29 --> No database selected
in SYSTEMPATH\Database\BaseConnection.php on line 646.
 1 SYSTEMPATH\Database\BaseBuilder.php(1615): CodeIgniter\Database\BaseConnection->query('SELECT *
FROM `room`', [], false)
 2 SYSTEMPATH\Model.php(237): CodeIgniter\Database\BaseBuilder->get()
 3 SYSTEMPATH\BaseModel.php(624): CodeIgniter\Model->doFindAll(0, 0)
 4 APPPATH\Controllers\MainController.php(21): CodeIgniter\BaseModel->findAll()
 5 SYSTEMPATH\CodeIgniter.php(919): App\Controllers\MainController->try()
 6 SYSTEMPATH\CodeIgniter.php(494): CodeIgniter\CodeIgniter->runController(Object(App\Controllers\MainController))
 7 SYSTEMPATH\CodeIgniter.php(353): CodeIgniter\CodeIgniter->handleRequest(null, Object(Config\Cache), false)
 8 FCPATH\index.php(79): CodeIgniter\CodeIgniter->run()
 9 SYSTEMPATH\Commands\Server\rewrite.php(47): require_once('C:\\laragon\\www\\Retry\\public\\index.php')
ERROR - 2023-09-13 14:55:30 --> mysqli_sql_exception: No database selected in C:\laragon\www\Retry\system\Database\MySQLi\Connection.php:306
Stack trace:
#0 C:\laragon\www\Retry\system\Database\MySQLi\Connection.php(306): mysqli->query('SELECT *\nFROM `...', 0)
#1 C:\laragon\www\Retry\system\Database\BaseConnection.php(692): CodeIgniter\Database\MySQLi\Connection->execute('SELECT *\nFROM `...')
#2 C:\laragon\www\Retry\system\Database\BaseConnection.php(606): CodeIgniter\Database\BaseConnection->simpleQuery('SELECT *\nFROM `...')
#3 C:\laragon\www\Retry\system\Database\BaseBuilder.php(1615): CodeIgniter\Database\BaseConnection->query('SELECT *\nFROM `...', Array, false)
#4 C:\laragon\www\Retry\system\Model.php(237): CodeIgniter\Database\BaseBuilder->get()
#5 C:\laragon\www\Retry\system\BaseModel.php(624): CodeIgniter\Model->doFindAll(0, 0)
#6 C:\laragon\www\Retry\app\Controllers\MainController.php(21): CodeIgniter\BaseModel->findAll()
#7 C:\laragon\www\Retry\system\CodeIgniter.php(919): App\Controllers\MainController->try()
#8 C:\laragon\www\Retry\system\CodeIgniter.php(494): CodeIgniter\CodeIgniter->runController(Object(App\Controllers\MainController))
#9 C:\laragon\www\Retry\system\CodeIgniter.php(353): CodeIgniter\CodeIgniter->handleRequest(NULL, Object(Config\Cache), false)
#10 C:\laragon\www\Retry\public\index.php(79): CodeIgniter\CodeIgniter->run()
#11 C:\laragon\www\Retry\system\Commands\Server\rewrite.php(47): require_once('C:\\laragon\\www\\...')
#12 {main}
CRITICAL - 2023-09-13 14:55:30 --> No database selected
in SYSTEMPATH\Database\BaseConnection.php on line 646.
 1 SYSTEMPATH\Database\BaseBuilder.php(1615): CodeIgniter\Database\BaseConnection->query('SELECT *
FROM `room`', [], false)
 2 SYSTEMPATH\Model.php(237): CodeIgniter\Database\BaseBuilder->get()
 3 SYSTEMPATH\BaseModel.php(624): CodeIgniter\Model->doFindAll(0, 0)
 4 APPPATH\Controllers\MainController.php(21): CodeIgniter\BaseModel->findAll()
 5 SYSTEMPATH\CodeIgniter.php(919): App\Controllers\MainController->try()
 6 SYSTEMPATH\CodeIgniter.php(494): CodeIgniter\CodeIgniter->runController(Object(App\Controllers\MainController))
 7 SYSTEMPATH\CodeIgniter.php(353): CodeIgniter\CodeIgniter->handleRequest(null, Object(Config\Cache), false)
 8 FCPATH\index.php(79): CodeIgniter\CodeIgniter->run()
 9 SYSTEMPATH\Commands\Server\rewrite.php(47): require_once('C:\\laragon\\www\\Retry\\public\\index.php')
ERROR - 2023-09-13 14:55:30 --> mysqli_sql_exception: No database selected in C:\laragon\www\Retry\system\Database\MySQLi\Connection.php:306
Stack trace:
#0 C:\laragon\www\Retry\system\Database\MySQLi\Connection.php(306): mysqli->query('SELECT *\nFROM `...', 0)
#1 C:\laragon\www\Retry\system\Database\BaseConnection.php(692): CodeIgniter\Database\MySQLi\Connection->execute('SELECT *\nFROM `...')
#2 C:\laragon\www\Retry\system\Database\BaseConnection.php(606): CodeIgniter\Database\BaseConnection->simpleQuery('SELECT *\nFROM `...')
#3 C:\laragon\www\Retry\system\Database\BaseBuilder.php(1615): CodeIgniter\Database\BaseConnection->query('SELECT *\nFROM `...', Array, false)
#4 C:\laragon\www\Retry\system\Model.php(237): CodeIgniter\Database\BaseBuilder->get()
#5 C:\laragon\www\Retry\system\BaseModel.php(624): CodeIgniter\Model->doFindAll(0, 0)
#6 C:\laragon\www\Retry\app\Controllers\MainController.php(21): CodeIgniter\BaseModel->findAll()
#7 C:\laragon\www\Retry\system\CodeIgniter.php(919): App\Controllers\MainController->try()
#8 C:\laragon\www\Retry\system\CodeIgniter.php(494): CodeIgniter\CodeIgniter->runController(Object(App\Controllers\MainController))
#9 C:\laragon\www\Retry\system\CodeIgniter.php(353): CodeIgniter\CodeIgniter->handleRequest(NULL, Object(Config\Cache), false)
#10 C:\laragon\www\Retry\public\index.php(79): CodeIgniter\CodeIgniter->run()
#11 C:\laragon\www\Retry\system\Commands\Server\rewrite.php(47): require_once('C:\\laragon\\www\\...')
#12 {main}
CRITICAL - 2023-09-13 14:55:30 --> No database selected
in SYSTEMPATH\Database\BaseConnection.php on line 646.
 1 SYSTEMPATH\Database\BaseBuilder.php(1615): CodeIgniter\Database\BaseConnection->query('SELECT *
FROM `room`', [], false)
 2 SYSTEMPATH\Model.php(237): CodeIgniter\Database\BaseBuilder->get()
 3 SYSTEMPATH\BaseModel.php(624): CodeIgniter\Model->doFindAll(0, 0)
 4 APPPATH\Controllers\MainController.php(21): CodeIgniter\BaseModel->findAll()
 5 SYSTEMPATH\CodeIgniter.php(919): App\Controllers\MainController->try()
 6 SYSTEMPATH\CodeIgniter.php(494): CodeIgniter\CodeIgniter->runController(Object(App\Controllers\MainController))
 7 SYSTEMPATH\CodeIgniter.php(353): CodeIgniter\CodeIgniter->handleRequest(null, Object(Config\Cache), false)
 8 FCPATH\index.php(79): CodeIgniter\CodeIgniter->run()
 9 SYSTEMPATH\Commands\Server\rewrite.php(47): require_once('C:\\laragon\\www\\Retry\\public\\index.php')
ERROR - 2023-09-13 14:55:31 --> mysqli_sql_exception: No database selected in C:\laragon\www\Retry\system\Database\MySQLi\Connection.php:306
Stack trace:
#0 C:\laragon\www\Retry\system\Database\MySQLi\Connection.php(306): mysqli->query('SELECT *\nFROM `...', 0)
#1 C:\laragon\www\Retry\system\Database\BaseConnection.php(692): CodeIgniter\Database\MySQLi\Connection->execute('SELECT *\nFROM `...')
#2 C:\laragon\www\Retry\system\Database\BaseConnection.php(606): CodeIgniter\Database\BaseConnection->simpleQuery('SELECT *\nFROM `...')
#3 C:\laragon\www\Retry\system\Database\BaseBuilder.php(1615): CodeIgniter\Database\BaseConnection->query('SELECT *\nFROM `...', Array, false)
#4 C:\laragon\www\Retry\system\Model.php(237): CodeIgniter\Database\BaseBuilder->get()
#5 C:\laragon\www\Retry\system\BaseModel.php(624): CodeIgniter\Model->doFindAll(0, 0)
#6 C:\laragon\www\Retry\app\Controllers\MainController.php(21): CodeIgniter\BaseModel->findAll()
#7 C:\laragon\www\Retry\system\CodeIgniter.php(919): App\Controllers\MainController->try()
#8 C:\laragon\www\Retry\system\CodeIgniter.php(494): CodeIgniter\CodeIgniter->runController(Object(App\Controllers\MainController))
#9 C:\laragon\www\Retry\system\CodeIgniter.php(353): CodeIgniter\CodeIgniter->handleRequest(NULL, Object(Config\Cache), false)
#10 C:\laragon\www\Retry\public\index.php(79): CodeIgniter\CodeIgniter->run()
#11 C:\laragon\www\Retry\system\Commands\Server\rewrite.php(47): require_once('C:\\laragon\\www\\...')
#12 {main}
CRITICAL - 2023-09-13 14:55:31 --> No database selected
in SYSTEMPATH\Database\BaseConnection.php on line 646.
 1 SYSTEMPATH\Database\BaseBuilder.php(1615): CodeIgniter\Database\BaseConnection->query('SELECT *
FROM `room`', [], false)
 2 SYSTEMPATH\Model.php(237): CodeIgniter\Database\BaseBuilder->get()
 3 SYSTEMPATH\BaseModel.php(624): CodeIgniter\Model->doFindAll(0, 0)
 4 APPPATH\Controllers\MainController.php(21): CodeIgniter\BaseModel->findAll()
 5 SYSTEMPATH\CodeIgniter.php(919): App\Controllers\MainController->try()
 6 SYSTEMPATH\CodeIgniter.php(494): CodeIgniter\CodeIgniter->runController(Object(App\Controllers\MainController))
 7 SYSTEMPATH\CodeIgniter.php(353): CodeIgniter\CodeIgniter->handleRequest(null, Object(Config\Cache), false)
 8 FCPATH\index.php(79): CodeIgniter\CodeIgniter->run()
 9 SYSTEMPATH\Commands\Server\rewrite.php(47): require_once('C:\\laragon\\www\\Retry\\public\\index.php')
ERROR - 2023-09-13 14:55:31 --> mysqli_sql_exception: No database selected in C:\laragon\www\Retry\system\Database\MySQLi\Connection.php:306
Stack trace:
#0 C:\laragon\www\Retry\system\Database\MySQLi\Connection.php(306): mysqli->query('SELECT *\nFROM `...', 0)
#1 C:\laragon\www\Retry\system\Database\BaseConnection.php(692): CodeIgniter\Database\MySQLi\Connection->execute('SELECT *\nFROM `...')
#2 C:\laragon\www\Retry\system\Database\BaseConnection.php(606): CodeIgniter\Database\BaseConnection->simpleQuery('SELECT *\nFROM `...')
#3 C:\laragon\www\Retry\system\Database\BaseBuilder.php(1615): CodeIgniter\Database\BaseConnection->query('SELECT *\nFROM `...', Array, false)
#4 C:\laragon\www\Retry\system\Model.php(237): CodeIgniter\Database\BaseBuilder->get()
#5 C:\laragon\www\Retry\system\BaseModel.php(624): CodeIgniter\Model->doFindAll(0, 0)
#6 C:\laragon\www\Retry\app\Controllers\MainController.php(21): CodeIgniter\BaseModel->findAll()
#7 C:\laragon\www\Retry\system\CodeIgniter.php(919): App\Controllers\MainController->try()
#8 C:\laragon\www\Retry\system\CodeIgniter.php(494): CodeIgniter\CodeIgniter->runController(Object(App\Controllers\MainController))
#9 C:\laragon\www\Retry\system\CodeIgniter.php(353): CodeIgniter\CodeIgniter->handleRequest(NULL, Object(Config\Cache), false)
#10 C:\laragon\www\Retry\public\index.php(79): CodeIgniter\CodeIgniter->run()
#11 C:\laragon\www\Retry\system\Commands\Server\rewrite.php(47): require_once('C:\\laragon\\www\\...')
#12 {main}
CRITICAL - 2023-09-13 14:55:31 --> No database selected
in SYSTEMPATH\Database\BaseConnection.php on line 646.
 1 SYSTEMPATH\Database\BaseBuilder.php(1615): CodeIgniter\Database\BaseConnection->query('SELECT *
FROM `room`', [], false)
 2 SYSTEMPATH\Model.php(237): CodeIgniter\Database\BaseBuilder->get()
 3 SYSTEMPATH\BaseModel.php(624): CodeIgniter\Model->doFindAll(0, 0)
 4 APPPATH\Controllers\MainController.php(21): CodeIgniter\BaseModel->findAll()
 5 SYSTEMPATH\CodeIgniter.php(919): App\Controllers\MainController->try()
 6 SYSTEMPATH\CodeIgniter.php(494): CodeIgniter\CodeIgniter->runController(Object(App\Controllers\MainController))
 7 SYSTEMPATH\CodeIgniter.php(353): CodeIgniter\CodeIgniter->handleRequest(null, Object(Config\Cache), false)
 8 FCPATH\index.php(79): CodeIgniter\CodeIgniter->run()
 9 SYSTEMPATH\Commands\Server\rewrite.php(47): require_once('C:\\laragon\\www\\Retry\\public\\index.php')
ERROR - 2023-09-13 14:55:31 --> mysqli_sql_exception: No database selected in C:\laragon\www\Retry\system\Database\MySQLi\Connection.php:306
Stack trace:
#0 C:\laragon\www\Retry\system\Database\MySQLi\Connection.php(306): mysqli->query('SELECT *\nFROM `...', 0)
#1 C:\laragon\www\Retry\system\Database\BaseConnection.php(692): CodeIgniter\Database\MySQLi\Connection->execute('SELECT *\nFROM `...')
#2 C:\laragon\www\Retry\system\Database\BaseConnection.php(606): CodeIgniter\Database\BaseConnection->simpleQuery('SELECT *\nFROM `...')
#3 C:\laragon\www\Retry\system\Database\BaseBuilder.php(1615): CodeIgniter\Database\BaseConnection->query('SELECT *\nFROM `...', Array, false)
#4 C:\laragon\www\Retry\system\Model.php(237): CodeIgniter\Database\BaseBuilder->get()
#5 C:\laragon\www\Retry\system\BaseModel.php(624): CodeIgniter\Model->doFindAll(0, 0)
#6 C:\laragon\www\Retry\app\Controllers\MainController.php(21): CodeIgniter\BaseModel->findAll()
#7 C:\laragon\www\Retry\system\CodeIgniter.php(919): App\Controllers\MainController->try()
#8 C:\laragon\www\Retry\system\CodeIgniter.php(494): CodeIgniter\CodeIgniter->runController(Object(App\Controllers\MainController))
#9 C:\laragon\www\Retry\system\CodeIgniter.php(353): CodeIgniter\CodeIgniter->handleRequest(NULL, Object(Config\Cache), false)
#10 C:\laragon\www\Retry\public\index.php(79): CodeIgniter\CodeIgniter->run()
#11 C:\laragon\www\Retry\system\Commands\Server\rewrite.php(47): require_once('C:\\laragon\\www\\...')
#12 {main}
CRITICAL - 2023-09-13 14:55:31 --> No database selected
in SYSTEMPATH\Database\BaseConnection.php on line 646.
 1 SYSTEMPATH\Database\BaseBuilder.php(1615): CodeIgniter\Database\BaseConnection->query('SELECT *
FROM `room`', [], false)
 2 SYSTEMPATH\Model.php(237): CodeIgniter\Database\BaseBuilder->get()
 3 SYSTEMPATH\BaseModel.php(624): CodeIgniter\Model->doFindAll(0, 0)
 4 APPPATH\Controllers\MainController.php(21): CodeIgniter\BaseModel->findAll()
 5 SYSTEMPATH\CodeIgniter.php(919): App\Controllers\MainController->try()
 6 SYSTEMPATH\CodeIgniter.php(494): CodeIgniter\CodeIgniter->runController(Object(App\Controllers\MainController))
 7 SYSTEMPATH\CodeIgniter.php(353): CodeIgniter\CodeIgniter->handleRequest(null, Object(Config\Cache), false)
 8 FCPATH\index.php(79): CodeIgniter\CodeIgniter->run()
 9 SYSTEMPATH\Commands\Server\rewrite.php(47): require_once('C:\\laragon\\www\\Retry\\public\\index.php')
ERROR - 2023-09-13 14:55:31 --> mysqli_sql_exception: No database selected in C:\laragon\www\Retry\system\Database\MySQLi\Connection.php:306
Stack trace:
#0 C:\laragon\www\Retry\system\Database\MySQLi\Connection.php(306): mysqli->query('SELECT *\nFROM `...', 0)
#1 C:\laragon\www\Retry\system\Database\BaseConnection.php(692): CodeIgniter\Database\MySQLi\Connection->execute('SELECT *\nFROM `...')
#2 C:\laragon\www\Retry\system\Database\BaseConnection.php(606): CodeIgniter\Database\BaseConnection->simpleQuery('SELECT *\nFROM `...')
#3 C:\laragon\www\Retry\system\Database\BaseBuilder.php(1615): CodeIgniter\Database\BaseConnection->query('SELECT *\nFROM `...', Array, false)
#4 C:\laragon\www\Retry\system\Model.php(237): CodeIgniter\Database\BaseBuilder->get()
#5 C:\laragon\www\Retry\system\BaseModel.php(624): CodeIgniter\Model->doFindAll(0, 0)
#6 C:\laragon\www\Retry\app\Controllers\MainController.php(21): CodeIgniter\BaseModel->findAll()
#7 C:\laragon\www\Retry\system\CodeIgniter.php(919): App\Controllers\MainController->try()
#8 C:\laragon\www\Retry\system\CodeIgniter.php(494): CodeIgniter\CodeIgniter->runController(Object(App\Controllers\MainController))
#9 C:\laragon\www\Retry\system\CodeIgniter.php(353): CodeIgniter\CodeIgniter->handleRequest(NULL, Object(Config\Cache), false)
#10 C:\laragon\www\Retry\public\index.php(79): CodeIgniter\CodeIgniter->run()
#11 C:\laragon\www\Retry\system\Commands\Server\rewrite.php(47): require_once('C:\\laragon\\www\\...')
#12 {main}
CRITICAL - 2023-09-13 14:55:31 --> No database selected
in SYSTEMPATH\Database\BaseConnection.php on line 646.
 1 SYSTEMPATH\Database\BaseBuilder.php(1615): CodeIgniter\Database\BaseConnection->query('SELECT *
FROM `room`', [], false)
 2 SYSTEMPATH\Model.php(237): CodeIgniter\Database\BaseBuilder->get()
 3 SYSTEMPATH\BaseModel.php(624): CodeIgniter\Model->doFindAll(0, 0)
 4 APPPATH\Controllers\MainController.php(21): CodeIgniter\BaseModel->findAll()
 5 SYSTEMPATH\CodeIgniter.php(919): App\Controllers\MainController->try()
 6 SYSTEMPATH\CodeIgniter.php(494): CodeIgniter\CodeIgniter->runController(Object(App\Controllers\MainController))
 7 SYSTEMPATH\CodeIgniter.php(353): CodeIgniter\CodeIgniter->handleRequest(null, Object(Config\Cache), false)
 8 FCPATH\index.php(79): CodeIgniter\CodeIgniter->run()
 9 SYSTEMPATH\Commands\Server\rewrite.php(47): require_once('C:\\laragon\\www\\Retry\\public\\index.php')
ERROR - 2023-09-13 14:55:32 --> mysqli_sql_exception: No database selected in C:\laragon\www\Retry\system\Database\MySQLi\Connection.php:306
Stack trace:
#0 C:\laragon\www\Retry\system\Database\MySQLi\Connection.php(306): mysqli->query('SELECT *\nFROM `...', 0)
#1 C:\laragon\www\Retry\system\Database\BaseConnection.php(692): CodeIgniter\Database\MySQLi\Connection->execute('SELECT *\nFROM `...')
#2 C:\laragon\www\Retry\system\Database\BaseConnection.php(606): CodeIgniter\Database\BaseConnection->simpleQuery('SELECT *\nFROM `...')
#3 C:\laragon\www\Retry\system\Database\BaseBuilder.php(1615): CodeIgniter\Database\BaseConnection->query('SELECT *\nFROM `...', Array, false)
#4 C:\laragon\www\Retry\system\Model.php(237): CodeIgniter\Database\BaseBuilder->get()
#5 C:\laragon\www\Retry\system\BaseModel.php(624): CodeIgniter\Model->doFindAll(0, 0)
#6 C:\laragon\www\Retry\app\Controllers\MainController.php(21): CodeIgniter\BaseModel->findAll()
#7 C:\laragon\www\Retry\system\CodeIgniter.php(919): App\Controllers\MainController->try()
#8 C:\laragon\www\Retry\system\CodeIgniter.php(494): CodeIgniter\CodeIgniter->runController(Object(App\Controllers\MainController))
#9 C:\laragon\www\Retry\system\CodeIgniter.php(353): CodeIgniter\CodeIgniter->handleRequest(NULL, Object(Config\Cache), false)
#10 C:\laragon\www\Retry\public\index.php(79): CodeIgniter\CodeIgniter->run()
#11 C:\laragon\www\Retry\system\Commands\Server\rewrite.php(47): require_once('C:\\laragon\\www\\...')
#12 {main}
CRITICAL - 2023-09-13 14:55:32 --> No database selected
in SYSTEMPATH\Database\BaseConnection.php on line 646.
 1 SYSTEMPATH\Database\BaseBuilder.php(1615): CodeIgniter\Database\BaseConnection->query('SELECT *
FROM `room`', [], false)
 2 SYSTEMPATH\Model.php(237): CodeIgniter\Database\BaseBuilder->get()
 3 SYSTEMPATH\BaseModel.php(624): CodeIgniter\Model->doFindAll(0, 0)
 4 APPPATH\Controllers\MainController.php(21): CodeIgniter\BaseModel->findAll()
 5 SYSTEMPATH\CodeIgniter.php(919): App\Controllers\MainController->try()
 6 SYSTEMPATH\CodeIgniter.php(494): CodeIgniter\CodeIgniter->runController(Object(App\Controllers\MainController))
 7 SYSTEMPATH\CodeIgniter.php(353): CodeIgniter\CodeIgniter->handleRequest(null, Object(Config\Cache), false)
 8 FCPATH\index.php(79): CodeIgniter\CodeIgniter->run()
 9 SYSTEMPATH\Commands\Server\rewrite.php(47): require_once('C:\\laragon\\www\\Retry\\public\\index.php')
ERROR - 2023-09-13 14:55:32 --> mysqli_sql_exception: No database selected in C:\laragon\www\Retry\system\Database\MySQLi\Connection.php:306
Stack trace:
#0 C:\laragon\www\Retry\system\Database\MySQLi\Connection.php(306): mysqli->query('SELECT *\nFROM `...', 0)
#1 C:\laragon\www\Retry\system\Database\BaseConnection.php(692): CodeIgniter\Database\MySQLi\Connection->execute('SELECT *\nFROM `...')
#2 C:\laragon\www\Retry\system\Database\BaseConnection.php(606): CodeIgniter\Database\BaseConnection->simpleQuery('SELECT *\nFROM `...')
#3 C:\laragon\www\Retry\system\Database\BaseBuilder.php(1615): CodeIgniter\Database\BaseConnection->query('SELECT *\nFROM `...', Array, false)
#4 C:\laragon\www\Retry\system\Model.php(237): CodeIgniter\Database\BaseBuilder->get()
#5 C:\laragon\www\Retry\system\BaseModel.php(624): CodeIgniter\Model->doFindAll(0, 0)
#6 C:\laragon\www\Retry\app\Controllers\MainController.php(21): CodeIgniter\BaseModel->findAll()
#7 C:\laragon\www\Retry\system\CodeIgniter.php(919): App\Controllers\MainController->try()
#8 C:\laragon\www\Retry\system\CodeIgniter.php(494): CodeIgniter\CodeIgniter->runController(Object(App\Controllers\MainController))
#9 C:\laragon\www\Retry\system\CodeIgniter.php(353): CodeIgniter\CodeIgniter->handleRequest(NULL, Object(Config\Cache), false)
#10 C:\laragon\www\Retry\public\index.php(79): CodeIgniter\CodeIgniter->run()
#11 C:\laragon\www\Retry\system\Commands\Server\rewrite.php(47): require_once('C:\\laragon\\www\\...')
#12 {main}
CRITICAL - 2023-09-13 14:55:32 --> No database selected
in SYSTEMPATH\Database\BaseConnection.php on line 646.
 1 SYSTEMPATH\Database\BaseBuilder.php(1615): CodeIgniter\Database\BaseConnection->query('SELECT *
FROM `room`', [], false)
 2 SYSTEMPATH\Model.php(237): CodeIgniter\Database\BaseBuilder->get()
 3 SYSTEMPATH\BaseModel.php(624): CodeIgniter\Model->doFindAll(0, 0)
 4 APPPATH\Controllers\MainController.php(21): CodeIgniter\BaseModel->findAll()
 5 SYSTEMPATH\CodeIgniter.php(919): App\Controllers\MainController->try()
 6 SYSTEMPATH\CodeIgniter.php(494): CodeIgniter\CodeIgniter->runController(Object(App\Controllers\MainController))
 7 SYSTEMPATH\CodeIgniter.php(353): CodeIgniter\CodeIgniter->handleRequest(null, Object(Config\Cache), false)
 8 FCPATH\index.php(79): CodeIgniter\CodeIgniter->run()
 9 SYSTEMPATH\Commands\Server\rewrite.php(47): require_once('C:\\laragon\\www\\Retry\\public\\index.php')
ERROR - 2023-09-13 14:55:32 --> mysqli_sql_exception: No database selected in C:\laragon\www\Retry\system\Database\MySQLi\Connection.php:306
Stack trace:
#0 C:\laragon\www\Retry\system\Database\MySQLi\Connection.php(306): mysqli->query('SELECT *\nFROM `...', 0)
#1 C:\laragon\www\Retry\system\Database\BaseConnection.php(692): CodeIgniter\Database\MySQLi\Connection->execute('SELECT *\nFROM `...')
#2 C:\laragon\www\Retry\system\Database\BaseConnection.php(606): CodeIgniter\Database\BaseConnection->simpleQuery('SELECT *\nFROM `...')
#3 C:\laragon\www\Retry\system\Database\BaseBuilder.php(1615): CodeIgniter\Database\BaseConnection->query('SELECT *\nFROM `...', Array, false)
#4 C:\laragon\www\Retry\system\Model.php(237): CodeIgniter\Database\BaseBuilder->get()
#5 C:\laragon\www\Retry\system\BaseModel.php(624): CodeIgniter\Model->doFindAll(0, 0)
#6 C:\laragon\www\Retry\app\Controllers\MainController.php(21): CodeIgniter\BaseModel->findAll()
#7 C:\laragon\www\Retry\system\CodeIgniter.php(919): App\Controllers\MainController->try()
#8 C:\laragon\www\Retry\system\CodeIgniter.php(494): CodeIgniter\CodeIgniter->runController(Object(App\Controllers\MainController))
#9 C:\laragon\www\Retry\system\CodeIgniter.php(353): CodeIgniter\CodeIgniter->handleRequest(NULL, Object(Config\Cache), false)
#10 C:\laragon\www\Retry\public\index.php(79): CodeIgniter\CodeIgniter->run()
#11 C:\laragon\www\Retry\system\Commands\Server\rewrite.php(47): require_once('C:\\laragon\\www\\...')
#12 {main}
CRITICAL - 2023-09-13 14:55:32 --> No database selected
in SYSTEMPATH\Database\BaseConnection.php on line 646.
 1 SYSTEMPATH\Database\BaseBuilder.php(1615): CodeIgniter\Database\BaseConnection->query('SELECT *
FROM `room`', [], false)
 2 SYSTEMPATH\Model.php(237): CodeIgniter\Database\BaseBuilder->get()
 3 SYSTEMPATH\BaseModel.php(624): CodeIgniter\Model->doFindAll(0, 0)
 4 APPPATH\Controllers\MainController.php(21): CodeIgniter\BaseModel->findAll()
 5 SYSTEMPATH\CodeIgniter.php(919): App\Controllers\MainController->try()
 6 SYSTEMPATH\CodeIgniter.php(494): CodeIgniter\CodeIgniter->runController(Object(App\Controllers\MainController))
 7 SYSTEMPATH\CodeIgniter.php(353): CodeIgniter\CodeIgniter->handleRequest(null, Object(Config\Cache), false)
 8 FCPATH\index.php(79): CodeIgniter\CodeIgniter->run()
 9 SYSTEMPATH\Commands\Server\rewrite.php(47): require_once('C:\\laragon\\www\\Retry\\public\\index.php')
